<?xml version='1.0' encoding='UTF-8'?>
<testsuite hostname="columbia-mbp" name="tsec.JCASymmetricCipherTests" tests="57" errors="0" failures="0" skipped="0" time="0.561" timestamp="2021-12-08T21:47:20">
          <properties>
[...]
</properties>
          <testcase classname="tsec.JCASymmetricCipherTests" name="AES_128/GCM/NoPadding should Encrypt and decrypt for the same key" time="0.311">
                      
                    </testcase><testcase classname="tsec.JCASymmetricCipherTests" name="AES_128/GCM/NoPadding should Be able to build a correct key from a repr" time="0.014">
                      
                    </testcase><testcase classname="tsec.JCASymmetricCipherTests" name="AES_128/GCM/NoPadding should Encrypt and decrypt for the same key and AEAD" time="0.013">
                      
                    </testcase><testcase classname="tsec.JCASymmetricCipherTests" name="AES_128/GCM/NoPadding should not decrypt properly for an incorrect key" time="0.02">
                      
                    </testcase><testcase classname="tsec.JCASymmetricCipherTests" name="AES_128/GCM/NoPadding should not decrypt properly for correct key but incorrect AAD" time="0.012">
                      
                    </testcase><testcase classname="tsec.JCASymmetricCipherTests" name="AES_128/GCM/NoPadding should Encrypt and decrypt for the same key in detached mode" time="0.008">
                      
                    </testcase><testcase classname="tsec.JCASymmetricCipherTests" name="AES_128/GCM/NoPadding should Be able to build a correct key from a repr in detached mode" time="0.007">
                      
                    </testcase><testcase classname="tsec.JCASymmetricCipherTests" name="AES_128/GCM/NoPadding should Encrypt and decrypt for the same key and AEAD in detached mode" time="0.007">
                      
                    </testcase><testcase classname="tsec.JCASymmetricCipherTests" name="AES_128/GCM/NoPadding should not decrypt properly for an incorrect key in detached mode" time="0.007">
                      
                    </testcase><testcase classname="tsec.JCASymmetricCipherTests" name="AES_128/GCM/NoPadding should not decrypt properly for correct key but incorrect AAD in detached mode" time="0.007">
                      
                    </testcase><testcase classname="tsec.JCASymmetricCipherTests" name="AES_128/GCM/NoPadding Key Generator should Not allow a key with incorrect length" time="0.003">
                      
                    </testcase><testcase classname="tsec.JCASymmetricCipherTests" name="AES_128/CBC/PKCS5Padding should Encrypt and decrypt for the same key" time="0.008">
                      
                    </testcase><testcase classname="tsec.JCASymmetricCipherTests" name="AES_128/CBC/PKCS5Padding should Be able to build a correct key from a repr" time="0.007">
                      
                    </testcase><testcase classname="tsec.JCASymmetricCipherTests" name="AES_128/CBC/PKCS5Padding should not decrypt properly for an incorrect key" time="0.007">
                      
                    </testcase><testcase classname="tsec.JCASymmetricCipherTests" name="AES_128/CBC/PKCS5Padding Key Generator should Not allow a key with incorrect length" time="0.001">
                      
                    </testcase><testcase classname="tsec.JCASymmetricCipherTests" name="AES_128/CTR/NoPadding should Encrypt and decrypt for the same key" time="0.007">
                      
                    </testcase><testcase classname="tsec.JCASymmetricCipherTests" name="AES_128/CTR/NoPadding should Be able to build a correct key from a repr" time="0.004">
                      
                    </testcase><testcase classname="tsec.JCASymmetricCipherTests" name="AES_128/CTR/NoPadding should not decrypt properly for an incorrect key" time="0.004">
                      
                    </testcase><testcase classname="tsec.JCASymmetricCipherTests" name="AES_128/CTR/NoPadding Key Generator should Not allow a key with incorrect length" time="0.0">
                      
                    </testcase><testcase classname="tsec.JCASymmetricCipherTests" name="AES_192/GCM/NoPadding should Encrypt and decrypt for the same key" time="0.004">
                      
                    </testcase><testcase classname="tsec.JCASymmetricCipherTests" name="AES_192/GCM/NoPadding should Be able to build a correct key from a repr" time="0.003">
                      
                    </testcase><testcase classname="tsec.JCASymmetricCipherTests" name="AES_192/GCM/NoPadding should Encrypt and decrypt for the same key and AEAD" time="0.004">
                      
                    </testcase><testcase classname="tsec.JCASymmetricCipherTests" name="AES_192/GCM/NoPadding should not decrypt properly for an incorrect key" time="0.004">
                      
                    </testcase><testcase classname="tsec.JCASymmetricCipherTests" name="AES_192/GCM/NoPadding should not decrypt properly for correct key but incorrect AAD" time="0.005">
                      
                    </testcase><testcase classname="tsec.JCASymmetricCipherTests" name="AES_192/GCM/NoPadding should Encrypt and decrypt for the same key in detached mode" time="0.003">
                      
                    </testcase><testcase classname="tsec.JCASymmetricCipherTests" name="AES_192/GCM/NoPadding should Be able to build a correct key from a repr in detached mode" time="0.003">
                      
                    </testcase><testcase classname="tsec.JCASymmetricCipherTests" name="AES_192/GCM/NoPadding should Encrypt and decrypt for the same key and AEAD in detached mode" time="0.003">
                      
                    </testcase><testcase classname="tsec.JCASymmetricCipherTests" name="AES_192/GCM/NoPadding should not decrypt properly for an incorrect key in detached mode" time="0.003">
                      
                    </testcase><testcase classname="tsec.JCASymmetricCipherTests" name="AES_192/GCM/NoPadding should not decrypt properly for correct key but incorrect AAD in detached mode" time="0.004">
                      
                    </testcase><testcase classname="tsec.JCASymmetricCipherTests" name="AES_192/GCM/NoPadding Key Generator should Not allow a key with incorrect length" time="0.001">
                      
                    </testcase><testcase classname="tsec.JCASymmetricCipherTests" name="AES_192/CBC/PKCS5Padding should Encrypt and decrypt for the same key" time="0.004">
                      
                    </testcase><testcase classname="tsec.JCASymmetricCipherTests" name="AES_192/CBC/PKCS5Padding should Be able to build a correct key from a repr" time="0.002">
                      
                    </testcase><testcase classname="tsec.JCASymmetricCipherTests" name="AES_192/CBC/PKCS5Padding should not decrypt properly for an incorrect key" time="0.003">
                      
                    </testcase><testcase classname="tsec.JCASymmetricCipherTests" name="AES_192/CBC/PKCS5Padding Key Generator should Not allow a key with incorrect length" time="0.001">
                      
                    </testcase><testcase classname="tsec.JCASymmetricCipherTests" name="AES_192/CTR/NoPadding should Encrypt and decrypt for the same key" time="0.003">
                      
                    </testcase><testcase classname="tsec.JCASymmetricCipherTests" name="AES_192/CTR/NoPadding should Be able to build a correct key from a repr" time="0.002">
                      
                    </testcase><testcase classname="tsec.JCASymmetricCipherTests" name="AES_192/CTR/NoPadding should not decrypt properly for an incorrect key" time="0.002">
                      
                    </testcase><testcase classname="tsec.JCASymmetricCipherTests" name="AES_192/CTR/NoPadding Key Generator should Not allow a key with incorrect length" time="0.0">
                      
                    </testcase><testcase classname="tsec.JCASymmetricCipherTests" name="AES_256/GCM/NoPadding should Encrypt and decrypt for the same key" time="0.003">
                      
                    </testcase><testcase classname="tsec.JCASymmetricCipherTests" name="AES_256/GCM/NoPadding should Be able to build a correct key from a repr" time="0.004">
                      
                    </testcase><testcase classname="tsec.JCASymmetricCipherTests" name="AES_256/GCM/NoPadding should Encrypt and decrypt for the same key and AEAD" time="0.003">
                      
                    </testcase><testcase classname="tsec.JCASymmetricCipherTests" name="AES_256/GCM/NoPadding should not decrypt properly for an incorrect key" time="0.005">
                      
                    </testcase><testcase classname="tsec.JCASymmetricCipherTests" name="AES_256/GCM/NoPadding should not decrypt properly for correct key but incorrect AAD" time="0.005">
                      
                    </testcase><testcase classname="tsec.JCASymmetricCipherTests" name="AES_256/GCM/NoPadding should Encrypt and decrypt for the same key in detached mode" time="0.004">
                      
                    </testcase><testcase classname="tsec.JCASymmetricCipherTests" name="AES_256/GCM/NoPadding should Be able to build a correct key from a repr in detached mode" time="0.004">
                      
                    </testcase><testcase classname="tsec.JCASymmetricCipherTests" name="AES_256/GCM/NoPadding should Encrypt and decrypt for the same key and AEAD in detached mode" time="0.005">
                      
                    </testcase><testcase classname="tsec.JCASymmetricCipherTests" name="AES_256/GCM/NoPadding should not decrypt properly for an incorrect key in detached mode" time="0.005">
                      
                    </testcase><testcase classname="tsec.JCASymmetricCipherTests" name="AES_256/GCM/NoPadding should not decrypt properly for correct key but incorrect AAD in detached mode" time="0.004">
                      
                    </testcase><testcase classname="tsec.JCASymmetricCipherTests" name="AES_256/GCM/NoPadding Key Generator should Not allow a key with incorrect length" time="0.0">
                      
                    </testcase><testcase classname="tsec.JCASymmetricCipherTests" name="AES_256/CBC/PKCS5Padding should Encrypt and decrypt for the same key" time="0.003">
                      
                    </testcase><testcase classname="tsec.JCASymmetricCipherTests" name="AES_256/CBC/PKCS5Padding should Be able to build a correct key from a repr" time="0.003">
                      
                    </testcase><testcase classname="tsec.JCASymmetricCipherTests" name="AES_256/CBC/PKCS5Padding should not decrypt properly for an incorrect key" time="0.004">
                      
                    </testcase><testcase classname="tsec.JCASymmetricCipherTests" name="AES_256/CBC/PKCS5Padding Key Generator should Not allow a key with incorrect length" time="0.0">
                      
                    </testcase><testcase classname="tsec.JCASymmetricCipherTests" name="AES_256/CTR/NoPadding should Encrypt and decrypt for the same key" time="0.002">
                      
                    </testcase><testcase classname="tsec.JCASymmetricCipherTests" name="AES_256/CTR/NoPadding should Be able to build a correct key from a repr" time="0.003">
                      
                    </testcase><testcase classname="tsec.JCASymmetricCipherTests" name="AES_256/CTR/NoPadding should not decrypt properly for an incorrect key" time="0.003">
                      
                    </testcase><testcase classname="tsec.JCASymmetricCipherTests" name="AES_256/CTR/NoPadding Key Generator should Not allow a key with incorrect length" time="0.0">
                      
                    </testcase>
          <system-out><![CDATA[]]></system-out>
          <system-err><![CDATA[]]></system-err>
        </testsuite>