<?xml version='1.0' encoding='UTF-8'?>
<testsuite hostname="columbia-mbp" name="tsec.SignatureTests" tests="36" errors="0" failures="0" skipped="0" time="8.436" timestamp="2021-12-08T21:47:18">
          <properties>
[...]
</properties>
          <testcase classname="tsec.SignatureTests" name="SHA1withDSA should sign and verify properly for correct keypair" time="4.588">
                      
                    </testcase><testcase classname="tsec.SignatureTests" name="SHA1withDSA should not verify for a wrong key pair" time="0.007">
                      
                    </testcase><testcase classname="tsec.SignatureTests" name="SHA224withDSA should sign and verify properly for correct keypair" time="0.005">
                      
                    </testcase><testcase classname="tsec.SignatureTests" name="SHA224withDSA should not verify for a wrong key pair" time="0.005">
                      
                    </testcase><testcase classname="tsec.SignatureTests" name="SHA256withDSA should sign and verify properly for correct keypair" time="0.004">
                      
                    </testcase><testcase classname="tsec.SignatureTests" name="SHA256withDSA should not verify for a wrong key pair" time="0.006">
                      
                    </testcase><testcase classname="tsec.SignatureTests" name="MD2withRSA should sign and verify properly for correct keypair" time="0.197">
                      
                    </testcase><testcase classname="tsec.SignatureTests" name="MD2withRSA should not verify for a wrong key pair" time="0.327">
                      
                    </testcase><testcase classname="tsec.SignatureTests" name="MD5withRSA should sign and verify properly for correct keypair" time="0.377">
                      
                    </testcase><testcase classname="tsec.SignatureTests" name="MD5withRSA should not verify for a wrong key pair" time="0.829">
                      
                    </testcase><testcase classname="tsec.SignatureTests" name="SHA1withRSA should sign and verify properly for correct keypair" time="0.091">
                      
                    </testcase><testcase classname="tsec.SignatureTests" name="SHA1withRSA should not verify for a wrong key pair" time="0.192">
                      
                    </testcase><testcase classname="tsec.SignatureTests" name="SHA256withRSA should sign and verify properly for correct keypair" time="0.18">
                      
                    </testcase><testcase classname="tsec.SignatureTests" name="SHA256withRSA should not verify for a wrong key pair" time="0.182">
                      
                    </testcase><testcase classname="tsec.SignatureTests" name="SHA384withRSA should sign and verify properly for correct keypair" time="0.127">
                      
                    </testcase><testcase classname="tsec.SignatureTests" name="SHA384withRSA should not verify for a wrong key pair" time="0.392">
                      
                    </testcase><testcase classname="tsec.SignatureTests" name="SHA512withRSA should sign and verify properly for correct keypair" time="0.114">
                      
                    </testcase><testcase classname="tsec.SignatureTests" name="SHA512withRSA should not verify for a wrong key pair" time="0.125">
                      
                    </testcase><testcase classname="tsec.SignatureTests" name="SHA1withECDSA should sign and verify properly for correct keypair" time="0.149">
                      
                    </testcase><testcase classname="tsec.SignatureTests" name="SHA1withECDSA should not verify for a wrong key pair" time="0.015">
                      
                    </testcase><testcase classname="tsec.SignatureTests" name="SHA224withECDSA should sign and verify properly for correct keypair" time="0.008">
                      
                    </testcase><testcase classname="tsec.SignatureTests" name="SHA224withECDSA should not verify for a wrong key pair" time="0.008">
                      
                    </testcase><testcase classname="tsec.SignatureTests" name="SHA256withECDSA should sign and verify properly for correct keypair" time="0.01">
                      
                    </testcase><testcase classname="tsec.SignatureTests" name="SHA256withECDSA should not verify for a wrong key pair" time="0.004">
                      
                    </testcase><testcase classname="tsec.SignatureTests" name="SHA384withECDSA should sign and verify properly for correct keypair" time="0.022">
                      
                    </testcase><testcase classname="tsec.SignatureTests" name="SHA384withECDSA should not verify for a wrong key pair" time="0.007">
                      
                    </testcase><testcase classname="tsec.SignatureTests" name="SHA512withECDSA should sign and verify properly for correct keypair" time="0.026">
                      
                    </testcase><testcase classname="tsec.SignatureTests" name="SHA512withECDSA should not verify for a wrong key pair" time="0.011">
                      
                    </testcase><testcase classname="tsec.SignatureTests" name="NONEwithECDSA should sign and verify properly for correct keypair" time="0.009">
                      
                    </testcase><testcase classname="tsec.SignatureTests" name="NONEwithECDSA should not verify for a wrong key pair" time="0.008">
                      
                    </testcase><testcase classname="tsec.SignatureTests" name="SHA256withRSA should verify with RSA key generated from modulus and public exponent" time="0.233">
                      
                    </testcase><testcase classname="tsec.SignatureTests" name="SHA384withRSA should verify with RSA key generated from modulus and public exponent" time="0.103">
                      
                    </testcase><testcase classname="tsec.SignatureTests" name="SHA512withRSA should verify with RSA key generated from modulus and public exponent" time="0.055">
                      
                    </testcase><testcase classname="tsec.SignatureTests" name="SHA256withECDSA should verify with EC key generated from public point" time="0.006">
                      
                    </testcase><testcase classname="tsec.SignatureTests" name="SHA384withECDSA should verify with EC key generated from public point" time="0.006">
                      
                    </testcase><testcase classname="tsec.SignatureTests" name="SHA512withECDSA should verify with EC key generated from public point" time="0.008">
                      
                    </testcase>
          <system-out><![CDATA[]]></system-out>
          <system-err><![CDATA[]]></system-err>
        </testsuite>