<?xml version='1.0' encoding='UTF-8'?>
<testsuite hostname="columbia-mbp" name="tsec.authentication.JWTAuthenticatorTests" tests="1029" errors="0" failures="0" skipped="0" time="3.753" timestamp="2021-12-08T21:47:28">
          <properties>
[...]
</properties>
          <testcase classname="tsec.authentication.JWTAuthenticatorTests" name="HmacSHA256 JWT Token64 check should pass token68 check" time="0.074">
                      
                    </testcase><testcase classname="tsec.authentication.JWTAuthenticatorTests" name="HmacSHA384 JWT Token64 check should pass token68 check" time="0.009">
                      
                    </testcase><testcase classname="tsec.authentication.JWTAuthenticatorTests" name="HmacSHA512 JWT Token64 check should pass token68 check" time="0.008">
                      
                    </testcase><testcase classname="tsec.authentication.JWTAuthenticatorTests" name="Authenticator Stateful spec: HmacSHA256 in bearer token no rolling should Create, embed and extract properly" time="0.089">
                      
                    </testcase><testcase classname="tsec.authentication.JWTAuthenticatorTests" name="Authenticator Stateful spec: HmacSHA256 in bearer token no rolling should Not validate for an expired token" time="0.025">
                      
                    </testcase><testcase classname="tsec.authentication.JWTAuthenticatorTests" name="Authenticator Stateful spec: HmacSHA256 in bearer token no rolling should renew properly" time="0.027">
                      
                    </testcase><testcase classname="tsec.authentication.JWTAuthenticatorTests" name="Authenticator Stateful spec: HmacSHA256 in bearer token no rolling should Not validate for a token with a different key/incorrect" time="0.015">
                      
                    </testcase><testcase classname="tsec.authentication.JWTAuthenticatorTests" name="Authenticator Stateful spec: HmacSHA256 in bearer token no rolling should discard a token properly" time="0.031">
                      
                    </testcase><testcase classname="tsec.authentication.JWTAuthenticatorTests" name="Authenticator Stateful spec: HmacSHA256 in bearer token no rolling should Not validate for a token past the timeout" time="0.048">
                      
                    </testcase><testcase classname="tsec.authentication.JWTAuthenticatorTests" name="Authenticator Stateful spec: HmacSHA256 in bearer token no rolling should refresh properly" time="0.035">
                      
                    </testcase><testcase classname="tsec.authentication.JWTAuthenticatorTests" name="SecuredRequests: Request Auth Stateful spec: HmacSHA256 in bearer token no rolling should TryExtractRaw properly" time="0.047">
                      
                    </testcase><testcase classname="tsec.authentication.JWTAuthenticatorTests" name="SecuredRequests: Request Auth Stateful spec: HmacSHA256 in bearer token no rolling should Return a proper deserialized user" time="0.238">
                      
                    </testcase><testcase classname="tsec.authentication.JWTAuthenticatorTests" name="SecuredRequests: Request Auth Stateful spec: HmacSHA256 in bearer token no rolling should fail on an expired token" time="0.008">
                      
                    </testcase><testcase classname="tsec.authentication.JWTAuthenticatorTests" name="SecuredRequests: Request Auth Stateful spec: HmacSHA256 in bearer token no rolling should work on a renewed token" time="0.015">
                      
                    </testcase><testcase classname="tsec.authentication.JWTAuthenticatorTests" name="SecuredRequests: Request Auth Stateful spec: HmacSHA256 in bearer token no rolling should Reject an invalid token" time="0.004">
                      
                    </testcase><testcase classname="tsec.authentication.JWTAuthenticatorTests" name="SecuredRequests: Request Auth Stateful spec: HmacSHA256 in bearer token no rolling should Fail on a discarded token" time="0.005">
                      
                    </testcase><testcase classname="tsec.authentication.JWTAuthenticatorTests" name="SecuredRequests: Request Auth Stateful spec: HmacSHA256 in bearer token no rolling should authorize for an allowed endpoint" time="0.013">
                      
                    </testcase><testcase classname="tsec.authentication.JWTAuthenticatorTests" name="SecuredRequests: Request Auth Stateful spec: HmacSHA256 in bearer token no rolling should not authorize for a gated endpoint" time="0.005">
                      
                    </testcase><testcase classname="tsec.authentication.JWTAuthenticatorTests" name="SecuredRequests: Request Auth Stateful spec: HmacSHA256 in bearer token no rolling should use the specified response when onNotAuthorized is specified" time="0.003">
                      
                    </testcase><testcase classname="tsec.authentication.JWTAuthenticatorTests" name="SecuredRequests: Request Auth Stateful spec: HmacSHA256 in bearer token no rolling should catch unhandled errors into unauthorized" time="0.014">
                      
                    </testcase><testcase classname="tsec.authentication.JWTAuthenticatorTests" name="SecuredRequests: Request Auth Stateful spec: HmacSHA256 in bearer token no rolling should extract properly for a user aware service" time="0.014">
                      
                    </testcase><testcase classname="tsec.authentication.JWTAuthenticatorTests" name="SecuredRequests: Request Auth Stateful spec: HmacSHA256 in bearer token no rolling should work on a refreshed token" time="0.007">
                      
                    </testcase><testcase classname="tsec.authentication.JWTAuthenticatorTests" name="SecuredRequests: Request Auth Stateful spec: HmacSHA256 in bearer token no rolling should fail on a timed out token" time="0.004">
                      
                    </testcase><testcase classname="tsec.authentication.JWTAuthenticatorTests" name="Authenticator Stateful spec: HmacSHA256 in cookie no rolling should Create, embed and extract properly" time="0.049">
                      
                    </testcase><testcase classname="tsec.authentication.JWTAuthenticatorTests" name="Authenticator Stateful spec: HmacSHA256 in cookie no rolling should Not validate for an expired token" time="0.019">
                      
                    </testcase><testcase classname="tsec.authentication.JWTAuthenticatorTests" name="Authenticator Stateful spec: HmacSHA256 in cookie no rolling should renew properly" time="0.022">
                      
                    </testcase><testcase classname="tsec.authentication.JWTAuthenticatorTests" name="Authenticator Stateful spec: HmacSHA256 in cookie no rolling should Not validate for a token with a different key/incorrect" time="0.02">
                      
                    </testcase><testcase classname="tsec.authentication.JWTAuthenticatorTests" name="Authenticator Stateful spec: HmacSHA256 in cookie no rolling should discard a token properly" time="0.019">
                      
                    </testcase><testcase classname="tsec.authentication.JWTAuthenticatorTests" name="Authenticator Stateful spec: HmacSHA256 in cookie no rolling should Not validate for a token past the timeout" time="0.019">
                      
                    </testcase><testcase classname="tsec.authentication.JWTAuthenticatorTests" name="Authenticator Stateful spec: HmacSHA256 in cookie no rolling should refresh properly" time="0.025">
                      
                    </testcase><testcase classname="tsec.authentication.JWTAuthenticatorTests" name="SecuredRequests: Request Auth Stateful spec: HmacSHA256 in cookie no rolling should TryExtractRaw properly" time="0.002">
                      
                    </testcase><testcase classname="tsec.authentication.JWTAuthenticatorTests" name="SecuredRequests: Request Auth Stateful spec: HmacSHA256 in cookie no rolling should Return a proper deserialized user" time="0.006">
                      
                    </testcase><testcase classname="tsec.authentication.JWTAuthenticatorTests" name="SecuredRequests: Request Auth Stateful spec: HmacSHA256 in cookie no rolling should fail on an expired token" time="0.003">
                      
                    </testcase><testcase classname="tsec.authentication.JWTAuthenticatorTests" name="SecuredRequests: Request Auth Stateful spec: HmacSHA256 in cookie no rolling should work on a renewed token" time="0.006">
                      
                    </testcase><testcase classname="tsec.authentication.JWTAuthenticatorTests" name="SecuredRequests: Request Auth Stateful spec: HmacSHA256 in cookie no rolling should Reject an invalid token" time="0.002">
                      
                    </testcase><testcase classname="tsec.authentication.JWTAuthenticatorTests" name="SecuredRequests: Request Auth Stateful spec: HmacSHA256 in cookie no rolling should Fail on a discarded token" time="0.001">
                      
                    </testcase><testcase classname="tsec.authentication.JWTAuthenticatorTests" name="SecuredRequests: Request Auth Stateful spec: HmacSHA256 in cookie no rolling should authorize for an allowed endpoint" time="0.007">
                      
                    </testcase><testcase classname="tsec.authentication.JWTAuthenticatorTests" name="SecuredRequests: Request Auth Stateful spec: HmacSHA256 in cookie no rolling should not authorize for a gated endpoint" time="0.004">
                      
                    </testcase><testcase classname="tsec.authentication.JWTAuthenticatorTests" name="SecuredRequests: Request Auth Stateful spec: HmacSHA256 in cookie no rolling should use the specified response when onNotAuthorized is specified" time="0.001">
                      
                    </testcase><testcase classname="tsec.authentication.JWTAuthenticatorTests" name="SecuredRequests: Request Auth Stateful spec: HmacSHA256 in cookie no rolling should catch unhandled errors into unauthorized" time="0.003">
                      
                    </testcase><testcase classname="tsec.authentication.JWTAuthenticatorTests" name="SecuredRequests: Request Auth Stateful spec: HmacSHA256 in cookie no rolling should extract properly for a user aware service" time="0.003">
                      
                    </testcase><testcase classname="tsec.authentication.JWTAuthenticatorTests" name="SecuredRequests: Request Auth Stateful spec: HmacSHA256 in cookie no rolling should work on a refreshed token" time="0.005">
                      
                    </testcase><testcase classname="tsec.authentication.JWTAuthenticatorTests" name="SecuredRequests: Request Auth Stateful spec: HmacSHA256 in cookie no rolling should fail on a timed out token" time="0.003">
                      
                    </testcase><testcase classname="tsec.authentication.JWTAuthenticatorTests" name="Authenticator Stateful spec: HmacSHA256 in header no rolling should Create, embed and extract properly" time="0.015">
                      
                    </testcase><testcase classname="tsec.authentication.JWTAuthenticatorTests" name="Authenticator Stateful spec: HmacSHA256 in header no rolling should Not validate for an expired token" time="0.016">
                      
                    </testcase><testcase classname="tsec.authentication.JWTAuthenticatorTests" name="Authenticator Stateful spec: HmacSHA256 in header no rolling should renew properly" time="0.019">
                      
                    </testcase><testcase classname="tsec.authentication.JWTAuthenticatorTests" name="Authenticator Stateful spec: HmacSHA256 in header no rolling should Not validate for a token with a different key/incorrect" time="0.011">
                      
                    </testcase><testcase classname="tsec.authentication.JWTAuthenticatorTests" name="Authenticator Stateful spec: HmacSHA256 in header no rolling should discard a token properly" time="0.013">
                      
                    </testcase><testcase classname="tsec.authentication.JWTAuthenticatorTests" name="Authenticator Stateful spec: HmacSHA256 in header no rolling should Not validate for a token past the timeout" time="0.011">
                      
                    </testcase><testcase classname="tsec.authentication.JWTAuthenticatorTests" name="Authenticator Stateful spec: HmacSHA256 in header no rolling should refresh properly" time="0.009">
                      
                    </testcase><testcase classname="tsec.authentication.JWTAuthenticatorTests" name="SecuredRequests: Request Auth Stateful spec: HmacSHA256 in header no rolling should TryExtractRaw properly" time="0.001">
                      
                    </testcase><testcase classname="tsec.authentication.JWTAuthenticatorTests" name="SecuredRequests: Request Auth Stateful spec: HmacSHA256 in header no rolling should Return a proper deserialized user" time="0.004">
                      
                    </testcase><testcase classname="tsec.authentication.JWTAuthenticatorTests" name="SecuredRequests: Request Auth Stateful spec: HmacSHA256 in header no rolling should fail on an expired token" time="0.002">
                      
                    </testcase><testcase classname="tsec.authentication.JWTAuthenticatorTests" name="SecuredRequests: Request Auth Stateful spec: HmacSHA256 in header no rolling should work on a renewed token" time="0.004">
                      
                    </testcase><testcase classname="tsec.authentication.JWTAuthenticatorTests" name="SecuredRequests: Request Auth Stateful spec: HmacSHA256 in header no rolling should Reject an invalid token" time="0.003">
                      
                    </testcase><testcase classname="tsec.authentication.JWTAuthenticatorTests" name="SecuredRequests: Request Auth Stateful spec: HmacSHA256 in header no rolling should Fail on a discarded token" time="0.003">
                      
                    </testcase><testcase classname="tsec.authentication.JWTAuthenticatorTests" name="SecuredRequests: Request Auth Stateful spec: HmacSHA256 in header no rolling should authorize for an allowed endpoint" time="0.003">
                      
                    </testcase><testcase classname="tsec.authentication.JWTAuthenticatorTests" name="SecuredRequests: Request Auth Stateful spec: HmacSHA256 in header no rolling should not authorize for a gated endpoint" time="0.001">
                      
                    </testcase><testcase classname="tsec.authentication.JWTAuthenticatorTests" name="SecuredRequests: Request Auth Stateful spec: HmacSHA256 in header no rolling should use the specified response when onNotAuthorized is specified" time="0.001">
                      
                    </testcase><testcase classname="tsec.authentication.JWTAuthenticatorTests" name="SecuredRequests: Request Auth Stateful spec: HmacSHA256 in header no rolling should catch unhandled errors into unauthorized" time="0.002">
                      
                    </testcase><testcase classname="tsec.authentication.JWTAuthenticatorTests" name="SecuredRequests: Request Auth Stateful spec: HmacSHA256 in header no rolling should extract properly for a user aware service" time="0.003">
                      
                    </testcase><testcase classname="tsec.authentication.JWTAuthenticatorTests" name="SecuredRequests: Request Auth Stateful spec: HmacSHA256 in header no rolling should work on a refreshed token" time="0.007">
                      
                    </testcase><testcase classname="tsec.authentication.JWTAuthenticatorTests" name="SecuredRequests: Request Auth Stateful spec: HmacSHA256 in header no rolling should fail on a timed out token" time="0.003">
                      
                    </testcase><testcase classname="tsec.authentication.JWTAuthenticatorTests" name="Authenticator Stateful spec: HmacSHA256 in bearer token rolling should Create, embed and extract properly" time="0.024">
                      
                    </testcase><testcase classname="tsec.authentication.JWTAuthenticatorTests" name="Authenticator Stateful spec: HmacSHA256 in bearer token rolling should Not validate for an expired token" time="0.019">
                      
                    </testcase><testcase classname="tsec.authentication.JWTAuthenticatorTests" name="Authenticator Stateful spec: HmacSHA256 in bearer token rolling should renew properly" time="0.016">
                      
                    </testcase><testcase classname="tsec.authentication.JWTAuthenticatorTests" name="Authenticator Stateful spec: HmacSHA256 in bearer token rolling should Not validate for a token with a different key/incorrect" time="0.012">
                      
                    </testcase><testcase classname="tsec.authentication.JWTAuthenticatorTests" name="Authenticator Stateful spec: HmacSHA256 in bearer token rolling should discard a token properly" time="0.013">
                      
                    </testcase><testcase classname="tsec.authentication.JWTAuthenticatorTests" name="Authenticator Stateful spec: HmacSHA256 in bearer token rolling should no-op validate for a timed out token" time="0.014">
                      
                    </testcase><testcase classname="tsec.authentication.JWTAuthenticatorTests" name="SecuredRequests: Request Auth Stateful spec: HmacSHA256 in bearer token rolling should TryExtractRaw properly" time="0.001">
                      
                    </testcase><testcase classname="tsec.authentication.JWTAuthenticatorTests" name="SecuredRequests: Request Auth Stateful spec: HmacSHA256 in bearer token rolling should Return a proper deserialized user" time="0.003">
                      
                    </testcase><testcase classname="tsec.authentication.JWTAuthenticatorTests" name="SecuredRequests: Request Auth Stateful spec: HmacSHA256 in bearer token rolling should fail on an expired token" time="0.004">
                      
                    </testcase><testcase classname="tsec.authentication.JWTAuthenticatorTests" name="SecuredRequests: Request Auth Stateful spec: HmacSHA256 in bearer token rolling should work on a renewed token" time="0.004">
                      
                    </testcase><testcase classname="tsec.authentication.JWTAuthenticatorTests" name="SecuredRequests: Request Auth Stateful spec: HmacSHA256 in bearer token rolling should Reject an invalid token" time="0.002">
                      
                    </testcase><testcase classname="tsec.authentication.JWTAuthenticatorTests" name="SecuredRequests: Request Auth Stateful spec: HmacSHA256 in bearer token rolling should Fail on a discarded token" time="0.002">
                      
                    </testcase><testcase classname="tsec.authentication.JWTAuthenticatorTests" name="SecuredRequests: Request Auth Stateful spec: HmacSHA256 in bearer token rolling should authorize for an allowed endpoint" time="0.003">
                      
                    </testcase><testcase classname="tsec.authentication.JWTAuthenticatorTests" name="SecuredRequests: Request Auth Stateful spec: HmacSHA256 in bearer token rolling should not authorize for a gated endpoint" time="0.002">
                      
                    </testcase><testcase classname="tsec.authentication.JWTAuthenticatorTests" name="SecuredRequests: Request Auth Stateful spec: HmacSHA256 in bearer token rolling should use the specified response when onNotAuthorized is specified" time="0.0">
                      
                    </testcase><testcase classname="tsec.authentication.JWTAuthenticatorTests" name="SecuredRequests: Request Auth Stateful spec: HmacSHA256 in bearer token rolling should catch unhandled errors into unauthorized" time="0.002">
                      
                    </testcase><testcase classname="tsec.authentication.JWTAuthenticatorTests" name="SecuredRequests: Request Auth Stateful spec: HmacSHA256 in bearer token rolling should extract properly for a user aware service" time="0.001">
                      
                    </testcase><testcase classname="tsec.authentication.JWTAuthenticatorTests" name="SecuredRequests: Request Auth Stateful spec: HmacSHA256 in bearer token rolling should no-op on a timed out token" time="0.004">
                      
                    </testcase><testcase classname="tsec.authentication.JWTAuthenticatorTests" name="Authenticator Stateful spec: HmacSHA256 in cookie rolling should Create, embed and extract properly" time="0.009">
                      
                    </testcase><testcase classname="tsec.authentication.JWTAuthenticatorTests" name="Authenticator Stateful spec: HmacSHA256 in cookie rolling should Not validate for an expired token" time="0.015">
                      
                    </testcase><testcase classname="tsec.authentication.JWTAuthenticatorTests" name="Authenticator Stateful spec: HmacSHA256 in cookie rolling should renew properly" time="0.015">
                      
                    </testcase><testcase classname="tsec.authentication.JWTAuthenticatorTests" name="Authenticator Stateful spec: HmacSHA256 in cookie rolling should Not validate for a token with a different key/incorrect" time="0.012">
                      
                    </testcase><testcase classname="tsec.authentication.JWTAuthenticatorTests" name="Authenticator Stateful spec: HmacSHA256 in cookie rolling should discard a token properly" time="0.011">
                      
                    </testcase><testcase classname="tsec.authentication.JWTAuthenticatorTests" name="Authenticator Stateful spec: HmacSHA256 in cookie rolling should no-op validate for a timed out token" time="0.01">
                      
                    </testcase><testcase classname="tsec.authentication.JWTAuthenticatorTests" name="SecuredRequests: Request Auth Stateful spec: HmacSHA256 in cookie rolling should TryExtractRaw properly" time="0.001">
                      
                    </testcase><testcase classname="tsec.authentication.JWTAuthenticatorTests" name="SecuredRequests: Request Auth Stateful spec: HmacSHA256 in cookie rolling should Return a proper deserialized user" time="0.003">
                      
                    </testcase><testcase classname="tsec.authentication.JWTAuthenticatorTests" name="SecuredRequests: Request Auth Stateful spec: HmacSHA256 in cookie rolling should fail on an expired token" time="0.002">
                      
                    </testcase><testcase classname="tsec.authentication.JWTAuthenticatorTests" name="SecuredRequests: Request Auth Stateful spec: HmacSHA256 in cookie rolling should work on a renewed token" time="0.004">
                      
                    </testcase><testcase classname="tsec.authentication.JWTAuthenticatorTests" name="SecuredRequests: Request Auth Stateful spec: HmacSHA256 in cookie rolling should Reject an invalid token" time="0.001">
                      
                    </testcase><testcase classname="tsec.authentication.JWTAuthenticatorTests" name="SecuredRequests: Request Auth Stateful spec: HmacSHA256 in cookie rolling should Fail on a discarded token" time="0.001">
                      
                    </testcase><testcase classname="tsec.authentication.JWTAuthenticatorTests" name="SecuredRequests: Request Auth Stateful spec: HmacSHA256 in cookie rolling should authorize for an allowed endpoint" time="0.003">
                      
                    </testcase><testcase classname="tsec.authentication.JWTAuthenticatorTests" name="SecuredRequests: Request Auth Stateful spec: HmacSHA256 in cookie rolling should not authorize for a gated endpoint" time="0.002">
                      
                    </testcase><testcase classname="tsec.authentication.JWTAuthenticatorTests" name="SecuredRequests: Request Auth Stateful spec: HmacSHA256 in cookie rolling should use the specified response when onNotAuthorized is specified" time="0.001">
                      
                    </testcase><testcase classname="tsec.authentication.JWTAuthenticatorTests" name="SecuredRequests: Request Auth Stateful spec: HmacSHA256 in cookie rolling should catch unhandled errors into unauthorized" time="0.002">
                      
                    </testcase><testcase classname="tsec.authentication.JWTAuthenticatorTests" name="SecuredRequests: Request Auth Stateful spec: HmacSHA256 in cookie rolling should extract properly for a user aware service" time="0.001">
                      
                    </testcase><testcase classname="tsec.authentication.JWTAuthenticatorTests" name="SecuredRequests: Request Auth Stateful spec: HmacSHA256 in cookie rolling should no-op on a timed out token" time="0.001">
                      
                    </testcase><testcase classname="tsec.authentication.JWTAuthenticatorTests" name="Authenticator Stateful spec: HmacSHA256 in header rolling should Create, embed and extract properly" time="0.009">
                      
                    </testcase><testcase classname="tsec.authentication.JWTAuthenticatorTests" name="Authenticator Stateful spec: HmacSHA256 in header rolling should Not validate for an expired token" time="0.009">
                      
                    </testcase><testcase classname="tsec.authentication.JWTAuthenticatorTests" name="Authenticator Stateful spec: HmacSHA256 in header rolling should renew properly" time="0.01">
                      
                    </testcase><testcase classname="tsec.authentication.JWTAuthenticatorTests" name="Authenticator Stateful spec: HmacSHA256 in header rolling should Not validate for a token with a different key/incorrect" time="0.004">
                      
                    </testcase><testcase classname="tsec.authentication.JWTAuthenticatorTests" name="Authenticator Stateful spec: HmacSHA256 in header rolling should discard a token properly" time="0.006">
                      
                    </testcase><testcase classname="tsec.authentication.JWTAuthenticatorTests" name="Authenticator Stateful spec: HmacSHA256 in header rolling should no-op validate for a timed out token" time="0.005">
                      
                    </testcase><testcase classname="tsec.authentication.JWTAuthenticatorTests" name="SecuredRequests: Request Auth Stateful spec: HmacSHA256 in header rolling should TryExtractRaw properly" time="0.001">
                      
                    </testcase><testcase classname="tsec.authentication.JWTAuthenticatorTests" name="SecuredRequests: Request Auth Stateful spec: HmacSHA256 in header rolling should Return a proper deserialized user" time="0.002">
                      
                    </testcase><testcase classname="tsec.authentication.JWTAuthenticatorTests" name="SecuredRequests: Request Auth Stateful spec: HmacSHA256 in header rolling should fail on an expired token" time="0.001">
                      
                    </testcase><testcase classname="tsec.authentication.JWTAuthenticatorTests" name="SecuredRequests: Request Auth Stateful spec: HmacSHA256 in header rolling should work on a renewed token" time="0.003">
                      
                    </testcase><testcase classname="tsec.authentication.JWTAuthenticatorTests" name="SecuredRequests: Request Auth Stateful spec: HmacSHA256 in header rolling should Reject an invalid token" time="0.001">
                      
                    </testcase><testcase classname="tsec.authentication.JWTAuthenticatorTests" name="SecuredRequests: Request Auth Stateful spec: HmacSHA256 in header rolling should Fail on a discarded token" time="0.001">
                      
                    </testcase><testcase classname="tsec.authentication.JWTAuthenticatorTests" name="SecuredRequests: Request Auth Stateful spec: HmacSHA256 in header rolling should authorize for an allowed endpoint" time="0.003">
                      
                    </testcase><testcase classname="tsec.authentication.JWTAuthenticatorTests" name="SecuredRequests: Request Auth Stateful spec: HmacSHA256 in header rolling should not authorize for a gated endpoint" time="0.001">
                      
                    </testcase><testcase classname="tsec.authentication.JWTAuthenticatorTests" name="SecuredRequests: Request Auth Stateful spec: HmacSHA256 in header rolling should use the specified response when onNotAuthorized is specified" time="0.001">
                      
                    </testcase><testcase classname="tsec.authentication.JWTAuthenticatorTests" name="SecuredRequests: Request Auth Stateful spec: HmacSHA256 in header rolling should catch unhandled errors into unauthorized" time="0.001">
                      
                    </testcase><testcase classname="tsec.authentication.JWTAuthenticatorTests" name="SecuredRequests: Request Auth Stateful spec: HmacSHA256 in header rolling should extract properly for a user aware service" time="0.001">
                      
                    </testcase><testcase classname="tsec.authentication.JWTAuthenticatorTests" name="SecuredRequests: Request Auth Stateful spec: HmacSHA256 in header rolling should no-op on a timed out token" time="0.002">
                      
                    </testcase><testcase classname="tsec.authentication.JWTAuthenticatorTests" name="Authenticator Stateful spec: HmacSHA384 in bearer token no rolling should Create, embed and extract properly" time="0.01">
                      
                    </testcase><testcase classname="tsec.authentication.JWTAuthenticatorTests" name="Authenticator Stateful spec: HmacSHA384 in bearer token no rolling should Not validate for an expired token" time="0.009">
                      
                    </testcase><testcase classname="tsec.authentication.JWTAuthenticatorTests" name="Authenticator Stateful spec: HmacSHA384 in bearer token no rolling should renew properly" time="0.008">
                      
                    </testcase><testcase classname="tsec.authentication.JWTAuthenticatorTests" name="Authenticator Stateful spec: HmacSHA384 in bearer token no rolling should Not validate for a token with a different key/incorrect" time="0.007">
                      
                    </testcase><testcase classname="tsec.authentication.JWTAuthenticatorTests" name="Authenticator Stateful spec: HmacSHA384 in bearer token no rolling should discard a token properly" time="0.005">
                      
                    </testcase><testcase classname="tsec.authentication.JWTAuthenticatorTests" name="Authenticator Stateful spec: HmacSHA384 in bearer token no rolling should Not validate for a token past the timeout" time="0.006">
                      
                    </testcase><testcase classname="tsec.authentication.JWTAuthenticatorTests" name="Authenticator Stateful spec: HmacSHA384 in bearer token no rolling should refresh properly" time="0.008">
                      
                    </testcase><testcase classname="tsec.authentication.JWTAuthenticatorTests" name="SecuredRequests: Request Auth Stateful spec: HmacSHA384 in bearer token no rolling should TryExtractRaw properly" time="0.001">
                      
                    </testcase><testcase classname="tsec.authentication.JWTAuthenticatorTests" name="SecuredRequests: Request Auth Stateful spec: HmacSHA384 in bearer token no rolling should Return a proper deserialized user" time="0.003">
                      
                    </testcase><testcase classname="tsec.authentication.JWTAuthenticatorTests" name="SecuredRequests: Request Auth Stateful spec: HmacSHA384 in bearer token no rolling should fail on an expired token" time="0.001">
                      
                    </testcase><testcase classname="tsec.authentication.JWTAuthenticatorTests" name="SecuredRequests: Request Auth Stateful spec: HmacSHA384 in bearer token no rolling should work on a renewed token" time="0.002">
                      
                    </testcase><testcase classname="tsec.authentication.JWTAuthenticatorTests" name="SecuredRequests: Request Auth Stateful spec: HmacSHA384 in bearer token no rolling should Reject an invalid token" time="0.001">
                      
                    </testcase><testcase classname="tsec.authentication.JWTAuthenticatorTests" name="SecuredRequests: Request Auth Stateful spec: HmacSHA384 in bearer token no rolling should Fail on a discarded token" time="0.001">
                      
                    </testcase><testcase classname="tsec.authentication.JWTAuthenticatorTests" name="SecuredRequests: Request Auth Stateful spec: HmacSHA384 in bearer token no rolling should authorize for an allowed endpoint" time="0.003">
                      
                    </testcase><testcase classname="tsec.authentication.JWTAuthenticatorTests" name="SecuredRequests: Request Auth Stateful spec: HmacSHA384 in bearer token no rolling should not authorize for a gated endpoint" time="0.002">
                      
                    </testcase><testcase classname="tsec.authentication.JWTAuthenticatorTests" name="SecuredRequests: Request Auth Stateful spec: HmacSHA384 in bearer token no rolling should use the specified response when onNotAuthorized is specified" time="0.001">
                      
                    </testcase><testcase classname="tsec.authentication.JWTAuthenticatorTests" name="SecuredRequests: Request Auth Stateful spec: HmacSHA384 in bearer token no rolling should catch unhandled errors into unauthorized" time="0.002">
                      
                    </testcase><testcase classname="tsec.authentication.JWTAuthenticatorTests" name="SecuredRequests: Request Auth Stateful spec: HmacSHA384 in bearer token no rolling should extract properly for a user aware service" time="0.001">
                      
                    </testcase><testcase classname="tsec.authentication.JWTAuthenticatorTests" name="SecuredRequests: Request Auth Stateful spec: HmacSHA384 in bearer token no rolling should work on a refreshed token" time="0.002">
                      
                    </testcase><testcase classname="tsec.authentication.JWTAuthenticatorTests" name="SecuredRequests: Request Auth Stateful spec: HmacSHA384 in bearer token no rolling should fail on a timed out token" time="0.002">
                      
                    </testcase><testcase classname="tsec.authentication.JWTAuthenticatorTests" name="Authenticator Stateful spec: HmacSHA384 in cookie no rolling should Create, embed and extract properly" time="0.006">
                      
                    </testcase><testcase classname="tsec.authentication.JWTAuthenticatorTests" name="Authenticator Stateful spec: HmacSHA384 in cookie no rolling should Not validate for an expired token" time="0.007">
                      
                    </testcase><testcase classname="tsec.authentication.JWTAuthenticatorTests" name="Authenticator Stateful spec: HmacSHA384 in cookie no rolling should renew properly" time="0.008">
                      
                    </testcase><testcase classname="tsec.authentication.JWTAuthenticatorTests" name="Authenticator Stateful spec: HmacSHA384 in cookie no rolling should Not validate for a token with a different key/incorrect" time="0.007">
                      
                    </testcase><testcase classname="tsec.authentication.JWTAuthenticatorTests" name="Authenticator Stateful spec: HmacSHA384 in cookie no rolling should discard a token properly" time="0.006">
                      
                    </testcase><testcase classname="tsec.authentication.JWTAuthenticatorTests" name="Authenticator Stateful spec: HmacSHA384 in cookie no rolling should Not validate for a token past the timeout" time="0.008">
                      
                    </testcase><testcase classname="tsec.authentication.JWTAuthenticatorTests" name="Authenticator Stateful spec: HmacSHA384 in cookie no rolling should refresh properly" time="0.008">
                      
                    </testcase><testcase classname="tsec.authentication.JWTAuthenticatorTests" name="SecuredRequests: Request Auth Stateful spec: HmacSHA384 in cookie no rolling should TryExtractRaw properly" time="0.001">
                      
                    </testcase><testcase classname="tsec.authentication.JWTAuthenticatorTests" name="SecuredRequests: Request Auth Stateful spec: HmacSHA384 in cookie no rolling should Return a proper deserialized user" time="0.003">
                      
                    </testcase><testcase classname="tsec.authentication.JWTAuthenticatorTests" name="SecuredRequests: Request Auth Stateful spec: HmacSHA384 in cookie no rolling should fail on an expired token" time="0.002">
                      
                    </testcase><testcase classname="tsec.authentication.JWTAuthenticatorTests" name="SecuredRequests: Request Auth Stateful spec: HmacSHA384 in cookie no rolling should work on a renewed token" time="0.003">
                      
                    </testcase><testcase classname="tsec.authentication.JWTAuthenticatorTests" name="SecuredRequests: Request Auth Stateful spec: HmacSHA384 in cookie no rolling should Reject an invalid token" time="0.001">
                      
                    </testcase><testcase classname="tsec.authentication.JWTAuthenticatorTests" name="SecuredRequests: Request Auth Stateful spec: HmacSHA384 in cookie no rolling should Fail on a discarded token" time="0.001">
                      
                    </testcase><testcase classname="tsec.authentication.JWTAuthenticatorTests" name="SecuredRequests: Request Auth Stateful spec: HmacSHA384 in cookie no rolling should authorize for an allowed endpoint" time="0.003">
                      
                    </testcase><testcase classname="tsec.authentication.JWTAuthenticatorTests" name="SecuredRequests: Request Auth Stateful spec: HmacSHA384 in cookie no rolling should not authorize for a gated endpoint" time="0.002">
                      
                    </testcase><testcase classname="tsec.authentication.JWTAuthenticatorTests" name="SecuredRequests: Request Auth Stateful spec: HmacSHA384 in cookie no rolling should use the specified response when onNotAuthorized is specified" time="0.0">
                      
                    </testcase><testcase classname="tsec.authentication.JWTAuthenticatorTests" name="SecuredRequests: Request Auth Stateful spec: HmacSHA384 in cookie no rolling should catch unhandled errors into unauthorized" time="0.001">
                      
                    </testcase><testcase classname="tsec.authentication.JWTAuthenticatorTests" name="SecuredRequests: Request Auth Stateful spec: HmacSHA384 in cookie no rolling should extract properly for a user aware service" time="0.001">
                      
                    </testcase><testcase classname="tsec.authentication.JWTAuthenticatorTests" name="SecuredRequests: Request Auth Stateful spec: HmacSHA384 in cookie no rolling should work on a refreshed token" time="0.002">
                      
                    </testcase><testcase classname="tsec.authentication.JWTAuthenticatorTests" name="SecuredRequests: Request Auth Stateful spec: HmacSHA384 in cookie no rolling should fail on a timed out token" time="0.001">
                      
                    </testcase><testcase classname="tsec.authentication.JWTAuthenticatorTests" name="Authenticator Stateful spec: HmacSHA384 in header no rolling should Create, embed and extract properly" time="0.009">
                      
                    </testcase><testcase classname="tsec.authentication.JWTAuthenticatorTests" name="Authenticator Stateful spec: HmacSHA384 in header no rolling should Not validate for an expired token" time="0.006">
                      
                    </testcase><testcase classname="tsec.authentication.JWTAuthenticatorTests" name="Authenticator Stateful spec: HmacSHA384 in header no rolling should renew properly" time="0.008">
                      
                    </testcase><testcase classname="tsec.authentication.JWTAuthenticatorTests" name="Authenticator Stateful spec: HmacSHA384 in header no rolling should Not validate for a token with a different key/incorrect" time="0.004">
                      
                    </testcase><testcase classname="tsec.authentication.JWTAuthenticatorTests" name="Authenticator Stateful spec: HmacSHA384 in header no rolling should discard a token properly" time="0.005">
                      
                    </testcase><testcase classname="tsec.authentication.JWTAuthenticatorTests" name="Authenticator Stateful spec: HmacSHA384 in header no rolling should Not validate for a token past the timeout" time="0.005">
                      
                    </testcase><testcase classname="tsec.authentication.JWTAuthenticatorTests" name="Authenticator Stateful spec: HmacSHA384 in header no rolling should refresh properly" time="0.005">
                      
                    </testcase><testcase classname="tsec.authentication.JWTAuthenticatorTests" name="SecuredRequests: Request Auth Stateful spec: HmacSHA384 in header no rolling should TryExtractRaw properly" time="0.001">
                      
                    </testcase><testcase classname="tsec.authentication.JWTAuthenticatorTests" name="SecuredRequests: Request Auth Stateful spec: HmacSHA384 in header no rolling should Return a proper deserialized user" time="0.003">
                      
                    </testcase><testcase classname="tsec.authentication.JWTAuthenticatorTests" name="SecuredRequests: Request Auth Stateful spec: HmacSHA384 in header no rolling should fail on an expired token" time="0.001">
                      
                    </testcase><testcase classname="tsec.authentication.JWTAuthenticatorTests" name="SecuredRequests: Request Auth Stateful spec: HmacSHA384 in header no rolling should work on a renewed token" time="0.003">
                      
                    </testcase><testcase classname="tsec.authentication.JWTAuthenticatorTests" name="SecuredRequests: Request Auth Stateful spec: HmacSHA384 in header no rolling should Reject an invalid token" time="0.001">
                      
                    </testcase><testcase classname="tsec.authentication.JWTAuthenticatorTests" name="SecuredRequests: Request Auth Stateful spec: HmacSHA384 in header no rolling should Fail on a discarded token" time="0.001">
                      
                    </testcase><testcase classname="tsec.authentication.JWTAuthenticatorTests" name="SecuredRequests: Request Auth Stateful spec: HmacSHA384 in header no rolling should authorize for an allowed endpoint" time="0.003">
                      
                    </testcase><testcase classname="tsec.authentication.JWTAuthenticatorTests" name="SecuredRequests: Request Auth Stateful spec: HmacSHA384 in header no rolling should not authorize for a gated endpoint" time="0.001">
                      
                    </testcase><testcase classname="tsec.authentication.JWTAuthenticatorTests" name="SecuredRequests: Request Auth Stateful spec: HmacSHA384 in header no rolling should use the specified response when onNotAuthorized is specified" time="0.001">
                      
                    </testcase><testcase classname="tsec.authentication.JWTAuthenticatorTests" name="SecuredRequests: Request Auth Stateful spec: HmacSHA384 in header no rolling should catch unhandled errors into unauthorized" time="0.002">
                      
                    </testcase><testcase classname="tsec.authentication.JWTAuthenticatorTests" name="SecuredRequests: Request Auth Stateful spec: HmacSHA384 in header no rolling should extract properly for a user aware service" time="0.001">
                      
                    </testcase><testcase classname="tsec.authentication.JWTAuthenticatorTests" name="SecuredRequests: Request Auth Stateful spec: HmacSHA384 in header no rolling should work on a refreshed token" time="0.003">
                      
                    </testcase><testcase classname="tsec.authentication.JWTAuthenticatorTests" name="SecuredRequests: Request Auth Stateful spec: HmacSHA384 in header no rolling should fail on a timed out token" time="0.001">
                      
                    </testcase><testcase classname="tsec.authentication.JWTAuthenticatorTests" name="Authenticator Stateful spec: HmacSHA384 in bearer token rolling should Create, embed and extract properly" time="0.006">
                      
                    </testcase><testcase classname="tsec.authentication.JWTAuthenticatorTests" name="Authenticator Stateful spec: HmacSHA384 in bearer token rolling should Not validate for an expired token" time="0.009">
                      
                    </testcase><testcase classname="tsec.authentication.JWTAuthenticatorTests" name="Authenticator Stateful spec: HmacSHA384 in bearer token rolling should renew properly" time="0.009">
                      
                    </testcase><testcase classname="tsec.authentication.JWTAuthenticatorTests" name="Authenticator Stateful spec: HmacSHA384 in bearer token rolling should Not validate for a token with a different key/incorrect" time="0.006">
                      
                    </testcase><testcase classname="tsec.authentication.JWTAuthenticatorTests" name="Authenticator Stateful spec: HmacSHA384 in bearer token rolling should discard a token properly" time="0.006">
                      
                    </testcase><testcase classname="tsec.authentication.JWTAuthenticatorTests" name="Authenticator Stateful spec: HmacSHA384 in bearer token rolling should no-op validate for a timed out token" time="0.005">
                      
                    </testcase><testcase classname="tsec.authentication.JWTAuthenticatorTests" name="SecuredRequests: Request Auth Stateful spec: HmacSHA384 in bearer token rolling should TryExtractRaw properly" time="0.0">
                      
                    </testcase><testcase classname="tsec.authentication.JWTAuthenticatorTests" name="SecuredRequests: Request Auth Stateful spec: HmacSHA384 in bearer token rolling should Return a proper deserialized user" time="0.003">
                      
                    </testcase><testcase classname="tsec.authentication.JWTAuthenticatorTests" name="SecuredRequests: Request Auth Stateful spec: HmacSHA384 in bearer token rolling should fail on an expired token" time="0.001">
                      
                    </testcase><testcase classname="tsec.authentication.JWTAuthenticatorTests" name="SecuredRequests: Request Auth Stateful spec: HmacSHA384 in bearer token rolling should work on a renewed token" time="0.003">
                      
                    </testcase><testcase classname="tsec.authentication.JWTAuthenticatorTests" name="SecuredRequests: Request Auth Stateful spec: HmacSHA384 in bearer token rolling should Reject an invalid token" time="0.001">
                      
                    </testcase><testcase classname="tsec.authentication.JWTAuthenticatorTests" name="SecuredRequests: Request Auth Stateful spec: HmacSHA384 in bearer token rolling should Fail on a discarded token" time="0.001">
                      
                    </testcase><testcase classname="tsec.authentication.JWTAuthenticatorTests" name="SecuredRequests: Request Auth Stateful spec: HmacSHA384 in bearer token rolling should authorize for an allowed endpoint" time="0.003">
                      
                    </testcase><testcase classname="tsec.authentication.JWTAuthenticatorTests" name="SecuredRequests: Request Auth Stateful spec: HmacSHA384 in bearer token rolling should not authorize for a gated endpoint" time="0.001">
                      
                    </testcase><testcase classname="tsec.authentication.JWTAuthenticatorTests" name="SecuredRequests: Request Auth Stateful spec: HmacSHA384 in bearer token rolling should use the specified response when onNotAuthorized is specified" time="0.0">
                      
                    </testcase><testcase classname="tsec.authentication.JWTAuthenticatorTests" name="SecuredRequests: Request Auth Stateful spec: HmacSHA384 in bearer token rolling should catch unhandled errors into unauthorized" time="0.003">
                      
                    </testcase><testcase classname="tsec.authentication.JWTAuthenticatorTests" name="SecuredRequests: Request Auth Stateful spec: HmacSHA384 in bearer token rolling should extract properly for a user aware service" time="0.003">
                      
                    </testcase><testcase classname="tsec.authentication.JWTAuthenticatorTests" name="SecuredRequests: Request Auth Stateful spec: HmacSHA384 in bearer token rolling should no-op on a timed out token" time="0.002">
                      
                    </testcase><testcase classname="tsec.authentication.JWTAuthenticatorTests" name="Authenticator Stateful spec: HmacSHA384 in cookie rolling should Create, embed and extract properly" time="0.009">
                      
                    </testcase><testcase classname="tsec.authentication.JWTAuthenticatorTests" name="Authenticator Stateful spec: HmacSHA384 in cookie rolling should Not validate for an expired token" time="0.012">
                      
                    </testcase><testcase classname="tsec.authentication.JWTAuthenticatorTests" name="Authenticator Stateful spec: HmacSHA384 in cookie rolling should renew properly" time="0.007">
                      
                    </testcase><testcase classname="tsec.authentication.JWTAuthenticatorTests" name="Authenticator Stateful spec: HmacSHA384 in cookie rolling should Not validate for a token with a different key/incorrect" time="0.005">
                      
                    </testcase><testcase classname="tsec.authentication.JWTAuthenticatorTests" name="Authenticator Stateful spec: HmacSHA384 in cookie rolling should discard a token properly" time="0.008">
                      
                    </testcase><testcase classname="tsec.authentication.JWTAuthenticatorTests" name="Authenticator Stateful spec: HmacSHA384 in cookie rolling should no-op validate for a timed out token" time="0.006">
                      
                    </testcase><testcase classname="tsec.authentication.JWTAuthenticatorTests" name="SecuredRequests: Request Auth Stateful spec: HmacSHA384 in cookie rolling should TryExtractRaw properly" time="0.001">
                      
                    </testcase><testcase classname="tsec.authentication.JWTAuthenticatorTests" name="SecuredRequests: Request Auth Stateful spec: HmacSHA384 in cookie rolling should Return a proper deserialized user" time="0.003">
                      
                    </testcase><testcase classname="tsec.authentication.JWTAuthenticatorTests" name="SecuredRequests: Request Auth Stateful spec: HmacSHA384 in cookie rolling should fail on an expired token" time="0.001">
                      
                    </testcase><testcase classname="tsec.authentication.JWTAuthenticatorTests" name="SecuredRequests: Request Auth Stateful spec: HmacSHA384 in cookie rolling should work on a renewed token" time="0.002">
                      
                    </testcase><testcase classname="tsec.authentication.JWTAuthenticatorTests" name="SecuredRequests: Request Auth Stateful spec: HmacSHA384 in cookie rolling should Reject an invalid token" time="0.0">
                      
                    </testcase><testcase classname="tsec.authentication.JWTAuthenticatorTests" name="SecuredRequests: Request Auth Stateful spec: HmacSHA384 in cookie rolling should Fail on a discarded token" time="0.001">
                      
                    </testcase><testcase classname="tsec.authentication.JWTAuthenticatorTests" name="SecuredRequests: Request Auth Stateful spec: HmacSHA384 in cookie rolling should authorize for an allowed endpoint" time="0.002">
                      
                    </testcase><testcase classname="tsec.authentication.JWTAuthenticatorTests" name="SecuredRequests: Request Auth Stateful spec: HmacSHA384 in cookie rolling should not authorize for a gated endpoint" time="0.001">
                      
                    </testcase><testcase classname="tsec.authentication.JWTAuthenticatorTests" name="SecuredRequests: Request Auth Stateful spec: HmacSHA384 in cookie rolling should use the specified response when onNotAuthorized is specified" time="0.001">
                      
                    </testcase><testcase classname="tsec.authentication.JWTAuthenticatorTests" name="SecuredRequests: Request Auth Stateful spec: HmacSHA384 in cookie rolling should catch unhandled errors into unauthorized" time="0.002">
                      
                    </testcase><testcase classname="tsec.authentication.JWTAuthenticatorTests" name="SecuredRequests: Request Auth Stateful spec: HmacSHA384 in cookie rolling should extract properly for a user aware service" time="0.005">
                      
                    </testcase><testcase classname="tsec.authentication.JWTAuthenticatorTests" name="SecuredRequests: Request Auth Stateful spec: HmacSHA384 in cookie rolling should no-op on a timed out token" time="0.001">
                      
                    </testcase><testcase classname="tsec.authentication.JWTAuthenticatorTests" name="Authenticator Stateful spec: HmacSHA384 in header rolling should Create, embed and extract properly" time="0.004">
                      
                    </testcase><testcase classname="tsec.authentication.JWTAuthenticatorTests" name="Authenticator Stateful spec: HmacSHA384 in header rolling should Not validate for an expired token" time="0.006">
                      
                    </testcase><testcase classname="tsec.authentication.JWTAuthenticatorTests" name="Authenticator Stateful spec: HmacSHA384 in header rolling should renew properly" time="0.006">
                      
                    </testcase><testcase classname="tsec.authentication.JWTAuthenticatorTests" name="Authenticator Stateful spec: HmacSHA384 in header rolling should Not validate for a token with a different key/incorrect" time="0.004">
                      
                    </testcase><testcase classname="tsec.authentication.JWTAuthenticatorTests" name="Authenticator Stateful spec: HmacSHA384 in header rolling should discard a token properly" time="0.005">
                      
                    </testcase><testcase classname="tsec.authentication.JWTAuthenticatorTests" name="Authenticator Stateful spec: HmacSHA384 in header rolling should no-op validate for a timed out token" time="0.005">
                      
                    </testcase><testcase classname="tsec.authentication.JWTAuthenticatorTests" name="SecuredRequests: Request Auth Stateful spec: HmacSHA384 in header rolling should TryExtractRaw properly" time="0.0">
                      
                    </testcase><testcase classname="tsec.authentication.JWTAuthenticatorTests" name="SecuredRequests: Request Auth Stateful spec: HmacSHA384 in header rolling should Return a proper deserialized user" time="0.002">
                      
                    </testcase><testcase classname="tsec.authentication.JWTAuthenticatorTests" name="SecuredRequests: Request Auth Stateful spec: HmacSHA384 in header rolling should fail on an expired token" time="0.001">
                      
                    </testcase><testcase classname="tsec.authentication.JWTAuthenticatorTests" name="SecuredRequests: Request Auth Stateful spec: HmacSHA384 in header rolling should work on a renewed token" time="0.003">
                      
                    </testcase><testcase classname="tsec.authentication.JWTAuthenticatorTests" name="SecuredRequests: Request Auth Stateful spec: HmacSHA384 in header rolling should Reject an invalid token" time="0.001">
                      
                    </testcase><testcase classname="tsec.authentication.JWTAuthenticatorTests" name="SecuredRequests: Request Auth Stateful spec: HmacSHA384 in header rolling should Fail on a discarded token" time="0.001">
                      
                    </testcase><testcase classname="tsec.authentication.JWTAuthenticatorTests" name="SecuredRequests: Request Auth Stateful spec: HmacSHA384 in header rolling should authorize for an allowed endpoint" time="0.002">
                      
                    </testcase><testcase classname="tsec.authentication.JWTAuthenticatorTests" name="SecuredRequests: Request Auth Stateful spec: HmacSHA384 in header rolling should not authorize for a gated endpoint" time="0.001">
                      
                    </testcase><testcase classname="tsec.authentication.JWTAuthenticatorTests" name="SecuredRequests: Request Auth Stateful spec: HmacSHA384 in header rolling should use the specified response when onNotAuthorized is specified" time="0.001">
                      
                    </testcase><testcase classname="tsec.authentication.JWTAuthenticatorTests" name="SecuredRequests: Request Auth Stateful spec: HmacSHA384 in header rolling should catch unhandled errors into unauthorized" time="0.002">
                      
                    </testcase><testcase classname="tsec.authentication.JWTAuthenticatorTests" name="SecuredRequests: Request Auth Stateful spec: HmacSHA384 in header rolling should extract properly for a user aware service" time="0.001">
                      
                    </testcase><testcase classname="tsec.authentication.JWTAuthenticatorTests" name="SecuredRequests: Request Auth Stateful spec: HmacSHA384 in header rolling should no-op on a timed out token" time="0.001">
                      
                    </testcase><testcase classname="tsec.authentication.JWTAuthenticatorTests" name="Authenticator Stateful spec: HmacSHA512 in bearer token no rolling should Create, embed and extract properly" time="0.006">
                      
                    </testcase><testcase classname="tsec.authentication.JWTAuthenticatorTests" name="Authenticator Stateful spec: HmacSHA512 in bearer token no rolling should Not validate for an expired token" time="0.004">
                      
                    </testcase><testcase classname="tsec.authentication.JWTAuthenticatorTests" name="Authenticator Stateful spec: HmacSHA512 in bearer token no rolling should renew properly" time="0.006">
                      
                    </testcase><testcase classname="tsec.authentication.JWTAuthenticatorTests" name="Authenticator Stateful spec: HmacSHA512 in bearer token no rolling should Not validate for a token with a different key/incorrect" time="0.005">
                      
                    </testcase><testcase classname="tsec.authentication.JWTAuthenticatorTests" name="Authenticator Stateful spec: HmacSHA512 in bearer token no rolling should discard a token properly" time="0.005">
                      
                    </testcase><testcase classname="tsec.authentication.JWTAuthenticatorTests" name="Authenticator Stateful spec: HmacSHA512 in bearer token no rolling should Not validate for a token past the timeout" time="0.008">
                      
                    </testcase><testcase classname="tsec.authentication.JWTAuthenticatorTests" name="Authenticator Stateful spec: HmacSHA512 in bearer token no rolling should refresh properly" time="0.008">
                      
                    </testcase><testcase classname="tsec.authentication.JWTAuthenticatorTests" name="SecuredRequests: Request Auth Stateful spec: HmacSHA512 in bearer token no rolling should TryExtractRaw properly" time="0.001">
                      
                    </testcase><testcase classname="tsec.authentication.JWTAuthenticatorTests" name="SecuredRequests: Request Auth Stateful spec: HmacSHA512 in bearer token no rolling should Return a proper deserialized user" time="0.002">
                      
                    </testcase><testcase classname="tsec.authentication.JWTAuthenticatorTests" name="SecuredRequests: Request Auth Stateful spec: HmacSHA512 in bearer token no rolling should fail on an expired token" time="0.001">
                      
                    </testcase><testcase classname="tsec.authentication.JWTAuthenticatorTests" name="SecuredRequests: Request Auth Stateful spec: HmacSHA512 in bearer token no rolling should work on a renewed token" time="0.004">
                      
                    </testcase><testcase classname="tsec.authentication.JWTAuthenticatorTests" name="SecuredRequests: Request Auth Stateful spec: HmacSHA512 in bearer token no rolling should Reject an invalid token" time="0.001">
                      
                    </testcase><testcase classname="tsec.authentication.JWTAuthenticatorTests" name="SecuredRequests: Request Auth Stateful spec: HmacSHA512 in bearer token no rolling should Fail on a discarded token" time="0.0">
                      
                    </testcase><testcase classname="tsec.authentication.JWTAuthenticatorTests" name="SecuredRequests: Request Auth Stateful spec: HmacSHA512 in bearer token no rolling should authorize for an allowed endpoint" time="0.002">
                      
                    </testcase><testcase classname="tsec.authentication.JWTAuthenticatorTests" name="SecuredRequests: Request Auth Stateful spec: HmacSHA512 in bearer token no rolling should not authorize for a gated endpoint" time="0.001">
                      
                    </testcase><testcase classname="tsec.authentication.JWTAuthenticatorTests" name="SecuredRequests: Request Auth Stateful spec: HmacSHA512 in bearer token no rolling should use the specified response when onNotAuthorized is specified" time="0.0">
                      
                    </testcase><testcase classname="tsec.authentication.JWTAuthenticatorTests" name="SecuredRequests: Request Auth Stateful spec: HmacSHA512 in bearer token no rolling should catch unhandled errors into unauthorized" time="0.001">
                      
                    </testcase><testcase classname="tsec.authentication.JWTAuthenticatorTests" name="SecuredRequests: Request Auth Stateful spec: HmacSHA512 in bearer token no rolling should extract properly for a user aware service" time="0.001">
                      
                    </testcase><testcase classname="tsec.authentication.JWTAuthenticatorTests" name="SecuredRequests: Request Auth Stateful spec: HmacSHA512 in bearer token no rolling should work on a refreshed token" time="0.002">
                      
                    </testcase><testcase classname="tsec.authentication.JWTAuthenticatorTests" name="SecuredRequests: Request Auth Stateful spec: HmacSHA512 in bearer token no rolling should fail on a timed out token" time="0.001">
                      
                    </testcase><testcase classname="tsec.authentication.JWTAuthenticatorTests" name="Authenticator Stateful spec: HmacSHA512 in cookie no rolling should Create, embed and extract properly" time="0.005">
                      
                    </testcase><testcase classname="tsec.authentication.JWTAuthenticatorTests" name="Authenticator Stateful spec: HmacSHA512 in cookie no rolling should Not validate for an expired token" time="0.004">
                      
                    </testcase><testcase classname="tsec.authentication.JWTAuthenticatorTests" name="Authenticator Stateful spec: HmacSHA512 in cookie no rolling should renew properly" time="0.005">
                      
                    </testcase><testcase classname="tsec.authentication.JWTAuthenticatorTests" name="Authenticator Stateful spec: HmacSHA512 in cookie no rolling should Not validate for a token with a different key/incorrect" time="0.006">
                      
                    </testcase><testcase classname="tsec.authentication.JWTAuthenticatorTests" name="Authenticator Stateful spec: HmacSHA512 in cookie no rolling should discard a token properly" time="0.007">
                      
                    </testcase><testcase classname="tsec.authentication.JWTAuthenticatorTests" name="Authenticator Stateful spec: HmacSHA512 in cookie no rolling should Not validate for a token past the timeout" time="0.007">
                      
                    </testcase><testcase classname="tsec.authentication.JWTAuthenticatorTests" name="Authenticator Stateful spec: HmacSHA512 in cookie no rolling should refresh properly" time="0.004">
                      
                    </testcase><testcase classname="tsec.authentication.JWTAuthenticatorTests" name="SecuredRequests: Request Auth Stateful spec: HmacSHA512 in cookie no rolling should TryExtractRaw properly" time="0.0">
                      
                    </testcase><testcase classname="tsec.authentication.JWTAuthenticatorTests" name="SecuredRequests: Request Auth Stateful spec: HmacSHA512 in cookie no rolling should Return a proper deserialized user" time="0.002">
                      
                    </testcase><testcase classname="tsec.authentication.JWTAuthenticatorTests" name="SecuredRequests: Request Auth Stateful spec: HmacSHA512 in cookie no rolling should fail on an expired token" time="0.001">
                      
                    </testcase><testcase classname="tsec.authentication.JWTAuthenticatorTests" name="SecuredRequests: Request Auth Stateful spec: HmacSHA512 in cookie no rolling should work on a renewed token" time="0.003">
                      
                    </testcase><testcase classname="tsec.authentication.JWTAuthenticatorTests" name="SecuredRequests: Request Auth Stateful spec: HmacSHA512 in cookie no rolling should Reject an invalid token" time="0.002">
                      
                    </testcase><testcase classname="tsec.authentication.JWTAuthenticatorTests" name="SecuredRequests: Request Auth Stateful spec: HmacSHA512 in cookie no rolling should Fail on a discarded token" time="0.001">
                      
                    </testcase><testcase classname="tsec.authentication.JWTAuthenticatorTests" name="SecuredRequests: Request Auth Stateful spec: HmacSHA512 in cookie no rolling should authorize for an allowed endpoint" time="0.003">
                      
                    </testcase><testcase classname="tsec.authentication.JWTAuthenticatorTests" name="SecuredRequests: Request Auth Stateful spec: HmacSHA512 in cookie no rolling should not authorize for a gated endpoint" time="0.001">
                      
                    </testcase><testcase classname="tsec.authentication.JWTAuthenticatorTests" name="SecuredRequests: Request Auth Stateful spec: HmacSHA512 in cookie no rolling should use the specified response when onNotAuthorized is specified" time="0.0">
                      
                    </testcase><testcase classname="tsec.authentication.JWTAuthenticatorTests" name="SecuredRequests: Request Auth Stateful spec: HmacSHA512 in cookie no rolling should catch unhandled errors into unauthorized" time="0.001">
                      
                    </testcase><testcase classname="tsec.authentication.JWTAuthenticatorTests" name="SecuredRequests: Request Auth Stateful spec: HmacSHA512 in cookie no rolling should extract properly for a user aware service" time="0.001">
                      
                    </testcase><testcase classname="tsec.authentication.JWTAuthenticatorTests" name="SecuredRequests: Request Auth Stateful spec: HmacSHA512 in cookie no rolling should work on a refreshed token" time="0.001">
                      
                    </testcase><testcase classname="tsec.authentication.JWTAuthenticatorTests" name="SecuredRequests: Request Auth Stateful spec: HmacSHA512 in cookie no rolling should fail on a timed out token" time="0.001">
                      
                    </testcase><testcase classname="tsec.authentication.JWTAuthenticatorTests" name="Authenticator Stateful spec: HmacSHA512 in header no rolling should Create, embed and extract properly" time="0.005">
                      
                    </testcase><testcase classname="tsec.authentication.JWTAuthenticatorTests" name="Authenticator Stateful spec: HmacSHA512 in header no rolling should Not validate for an expired token" time="0.007">
                      
                    </testcase><testcase classname="tsec.authentication.JWTAuthenticatorTests" name="Authenticator Stateful spec: HmacSHA512 in header no rolling should renew properly" time="0.005">
                      
                    </testcase><testcase classname="tsec.authentication.JWTAuthenticatorTests" name="Authenticator Stateful spec: HmacSHA512 in header no rolling should Not validate for a token with a different key/incorrect" time="0.004">
                      
                    </testcase><testcase classname="tsec.authentication.JWTAuthenticatorTests" name="Authenticator Stateful spec: HmacSHA512 in header no rolling should discard a token properly" time="0.003">
                      
                    </testcase><testcase classname="tsec.authentication.JWTAuthenticatorTests" name="Authenticator Stateful spec: HmacSHA512 in header no rolling should Not validate for a token past the timeout" time="0.003">
                      
                    </testcase><testcase classname="tsec.authentication.JWTAuthenticatorTests" name="Authenticator Stateful spec: HmacSHA512 in header no rolling should refresh properly" time="0.004">
                      
                    </testcase><testcase classname="tsec.authentication.JWTAuthenticatorTests" name="SecuredRequests: Request Auth Stateful spec: HmacSHA512 in header no rolling should TryExtractRaw properly" time="0.0">
                      
                    </testcase><testcase classname="tsec.authentication.JWTAuthenticatorTests" name="SecuredRequests: Request Auth Stateful spec: HmacSHA512 in header no rolling should Return a proper deserialized user" time="0.002">
                      
                    </testcase><testcase classname="tsec.authentication.JWTAuthenticatorTests" name="SecuredRequests: Request Auth Stateful spec: HmacSHA512 in header no rolling should fail on an expired token" time="0.0">
                      
                    </testcase><testcase classname="tsec.authentication.JWTAuthenticatorTests" name="SecuredRequests: Request Auth Stateful spec: HmacSHA512 in header no rolling should work on a renewed token" time="0.001">
                      
                    </testcase><testcase classname="tsec.authentication.JWTAuthenticatorTests" name="SecuredRequests: Request Auth Stateful spec: HmacSHA512 in header no rolling should Reject an invalid token" time="0.0">
                      
                    </testcase><testcase classname="tsec.authentication.JWTAuthenticatorTests" name="SecuredRequests: Request Auth Stateful spec: HmacSHA512 in header no rolling should Fail on a discarded token" time="0.0">
                      
                    </testcase><testcase classname="tsec.authentication.JWTAuthenticatorTests" name="SecuredRequests: Request Auth Stateful spec: HmacSHA512 in header no rolling should authorize for an allowed endpoint" time="0.002">
                      
                    </testcase><testcase classname="tsec.authentication.JWTAuthenticatorTests" name="SecuredRequests: Request Auth Stateful spec: HmacSHA512 in header no rolling should not authorize for a gated endpoint" time="0.001">
                      
                    </testcase><testcase classname="tsec.authentication.JWTAuthenticatorTests" name="SecuredRequests: Request Auth Stateful spec: HmacSHA512 in header no rolling should use the specified response when onNotAuthorized is specified" time="0.0">
                      
                    </testcase><testcase classname="tsec.authentication.JWTAuthenticatorTests" name="SecuredRequests: Request Auth Stateful spec: HmacSHA512 in header no rolling should catch unhandled errors into unauthorized" time="0.001">
                      
                    </testcase><testcase classname="tsec.authentication.JWTAuthenticatorTests" name="SecuredRequests: Request Auth Stateful spec: HmacSHA512 in header no rolling should extract properly for a user aware service" time="0.001">
                      
                    </testcase><testcase classname="tsec.authentication.JWTAuthenticatorTests" name="SecuredRequests: Request Auth Stateful spec: HmacSHA512 in header no rolling should work on a refreshed token" time="0.001">
                      
                    </testcase><testcase classname="tsec.authentication.JWTAuthenticatorTests" name="SecuredRequests: Request Auth Stateful spec: HmacSHA512 in header no rolling should fail on a timed out token" time="0.0">
                      
                    </testcase><testcase classname="tsec.authentication.JWTAuthenticatorTests" name="Authenticator Stateful spec: HmacSHA512 in bearer token rolling should Create, embed and extract properly" time="0.003">
                      
                    </testcase><testcase classname="tsec.authentication.JWTAuthenticatorTests" name="Authenticator Stateful spec: HmacSHA512 in bearer token rolling should Not validate for an expired token" time="0.004">
                      
                    </testcase><testcase classname="tsec.authentication.JWTAuthenticatorTests" name="Authenticator Stateful spec: HmacSHA512 in bearer token rolling should renew properly" time="0.003">
                      
                    </testcase><testcase classname="tsec.authentication.JWTAuthenticatorTests" name="Authenticator Stateful spec: HmacSHA512 in bearer token rolling should Not validate for a token with a different key/incorrect" time="0.003">
                      
                    </testcase><testcase classname="tsec.authentication.JWTAuthenticatorTests" name="Authenticator Stateful spec: HmacSHA512 in bearer token rolling should discard a token properly" time="0.003">
                      
                    </testcase><testcase classname="tsec.authentication.JWTAuthenticatorTests" name="Authenticator Stateful spec: HmacSHA512 in bearer token rolling should no-op validate for a timed out token" time="0.003">
                      
                    </testcase><testcase classname="tsec.authentication.JWTAuthenticatorTests" name="SecuredRequests: Request Auth Stateful spec: HmacSHA512 in bearer token rolling should TryExtractRaw properly" time="0.0">
                      
                    </testcase><testcase classname="tsec.authentication.JWTAuthenticatorTests" name="SecuredRequests: Request Auth Stateful spec: HmacSHA512 in bearer token rolling should Return a proper deserialized user" time="0.002">
                      
                    </testcase><testcase classname="tsec.authentication.JWTAuthenticatorTests" name="SecuredRequests: Request Auth Stateful spec: HmacSHA512 in bearer token rolling should fail on an expired token" time="0.001">
                      
                    </testcase><testcase classname="tsec.authentication.JWTAuthenticatorTests" name="SecuredRequests: Request Auth Stateful spec: HmacSHA512 in bearer token rolling should work on a renewed token" time="0.001">
                      
                    </testcase><testcase classname="tsec.authentication.JWTAuthenticatorTests" name="SecuredRequests: Request Auth Stateful spec: HmacSHA512 in bearer token rolling should Reject an invalid token" time="0.0">
                      
                    </testcase><testcase classname="tsec.authentication.JWTAuthenticatorTests" name="SecuredRequests: Request Auth Stateful spec: HmacSHA512 in bearer token rolling should Fail on a discarded token" time="0.001">
                      
                    </testcase><testcase classname="tsec.authentication.JWTAuthenticatorTests" name="SecuredRequests: Request Auth Stateful spec: HmacSHA512 in bearer token rolling should authorize for an allowed endpoint" time="0.002">
                      
                    </testcase><testcase classname="tsec.authentication.JWTAuthenticatorTests" name="SecuredRequests: Request Auth Stateful spec: HmacSHA512 in bearer token rolling should not authorize for a gated endpoint" time="0.001">
                      
                    </testcase><testcase classname="tsec.authentication.JWTAuthenticatorTests" name="SecuredRequests: Request Auth Stateful spec: HmacSHA512 in bearer token rolling should use the specified response when onNotAuthorized is specified" time="0.0">
                      
                    </testcase><testcase classname="tsec.authentication.JWTAuthenticatorTests" name="SecuredRequests: Request Auth Stateful spec: HmacSHA512 in bearer token rolling should catch unhandled errors into unauthorized" time="0.001">
                      
                    </testcase><testcase classname="tsec.authentication.JWTAuthenticatorTests" name="SecuredRequests: Request Auth Stateful spec: HmacSHA512 in bearer token rolling should extract properly for a user aware service" time="0.001">
                      
                    </testcase><testcase classname="tsec.authentication.JWTAuthenticatorTests" name="SecuredRequests: Request Auth Stateful spec: HmacSHA512 in bearer token rolling should no-op on a timed out token" time="0.001">
                      
                    </testcase><testcase classname="tsec.authentication.JWTAuthenticatorTests" name="Authenticator Stateful spec: HmacSHA512 in cookie rolling should Create, embed and extract properly" time="0.003">
                      
                    </testcase><testcase classname="tsec.authentication.JWTAuthenticatorTests" name="Authenticator Stateful spec: HmacSHA512 in cookie rolling should Not validate for an expired token" time="0.003">
                      
                    </testcase><testcase classname="tsec.authentication.JWTAuthenticatorTests" name="Authenticator Stateful spec: HmacSHA512 in cookie rolling should renew properly" time="0.003">
                      
                    </testcase><testcase classname="tsec.authentication.JWTAuthenticatorTests" name="Authenticator Stateful spec: HmacSHA512 in cookie rolling should Not validate for a token with a different key/incorrect" time="0.003">
                      
                    </testcase><testcase classname="tsec.authentication.JWTAuthenticatorTests" name="Authenticator Stateful spec: HmacSHA512 in cookie rolling should discard a token properly" time="0.002">
                      
                    </testcase><testcase classname="tsec.authentication.JWTAuthenticatorTests" name="Authenticator Stateful spec: HmacSHA512 in cookie rolling should no-op validate for a timed out token" time="0.003">
                      
                    </testcase><testcase classname="tsec.authentication.JWTAuthenticatorTests" name="SecuredRequests: Request Auth Stateful spec: HmacSHA512 in cookie rolling should TryExtractRaw properly" time="0.0">
                      
                    </testcase><testcase classname="tsec.authentication.JWTAuthenticatorTests" name="SecuredRequests: Request Auth Stateful spec: HmacSHA512 in cookie rolling should Return a proper deserialized user" time="0.002">
                      
                    </testcase><testcase classname="tsec.authentication.JWTAuthenticatorTests" name="SecuredRequests: Request Auth Stateful spec: HmacSHA512 in cookie rolling should fail on an expired token" time="0.001">
                      
[...]
                    </testcase><testcase classname="tsec.authentication.JWTAuthenticatorTests" name="SecuredRequests: Request Auth Stateless spec: HmacSHA512 in cookie no rolling should use the specified response when onNotAuthorized is specified" time="0.0">
                      
                    </testcase><testcase classname="tsec.authentication.JWTAuthenticatorTests" name="SecuredRequests: Request Auth Stateless spec: HmacSHA512 in cookie no rolling should catch unhandled errors into unauthorized" time="0.001">
                      
                    </testcase><testcase classname="tsec.authentication.JWTAuthenticatorTests" name="SecuredRequests: Request Auth Stateless spec: HmacSHA512 in cookie no rolling should extract properly for a user aware service" time="0.001">
                      
                    </testcase><testcase classname="tsec.authentication.JWTAuthenticatorTests" name="SecuredRequests: Request Auth Stateless spec: HmacSHA512 in cookie no rolling should work on a refreshed token" time="0.002">
                      
                    </testcase><testcase classname="tsec.authentication.JWTAuthenticatorTests" name="SecuredRequests: Request Auth Stateless spec: HmacSHA512 in cookie no rolling should fail on a timed out token" time="0.001">
                      
                    </testcase><testcase classname="tsec.authentication.JWTAuthenticatorTests" name="Authenticator Stateless spec: HmacSHA512 in header no rolling should Create, embed and extract properly" time="0.005">
                      
                    </testcase><testcase classname="tsec.authentication.JWTAuthenticatorTests" name="Authenticator Stateless spec: HmacSHA512 in header no rolling should Not validate for an expired token" time="0.003">
                      
                    </testcase><testcase classname="tsec.authentication.JWTAuthenticatorTests" name="Authenticator Stateless spec: HmacSHA512 in header no rolling should renew properly" time="0.005">
                      
                    </testcase><testcase classname="tsec.authentication.JWTAuthenticatorTests" name="Authenticator Stateless spec: HmacSHA512 in header no rolling should Not validate for a token with a different key/incorrect" time="0.003">
                      
                    </testcase><testcase classname="tsec.authentication.JWTAuthenticatorTests" name="Authenticator Stateless spec: HmacSHA512 in header no rolling should discard a token properly" time="0.003">
                      
                    </testcase><testcase classname="tsec.authentication.JWTAuthenticatorTests" name="Authenticator Stateless spec: HmacSHA512 in header no rolling should Not validate for a token past the timeout" time="0.003">
                      
                    </testcase><testcase classname="tsec.authentication.JWTAuthenticatorTests" name="Authenticator Stateless spec: HmacSHA512 in header no rolling should refresh properly" time="0.004">
                      
                    </testcase><testcase classname="tsec.authentication.JWTAuthenticatorTests" name="SecuredRequests: Request Auth Stateless spec: HmacSHA512 in header no rolling should TryExtractRaw properly" time="0.0">
                      
                    </testcase><testcase classname="tsec.authentication.JWTAuthenticatorTests" name="SecuredRequests: Request Auth Stateless spec: HmacSHA512 in header no rolling should Return a proper deserialized user" time="0.001">
                      
                    </testcase><testcase classname="tsec.authentication.JWTAuthenticatorTests" name="SecuredRequests: Request Auth Stateless spec: HmacSHA512 in header no rolling should fail on an expired token" time="0.0">
                      
                    </testcase><testcase classname="tsec.authentication.JWTAuthenticatorTests" name="SecuredRequests: Request Auth Stateless spec: HmacSHA512 in header no rolling should work on a renewed token" time="0.002">
                      
                    </testcase><testcase classname="tsec.authentication.JWTAuthenticatorTests" name="SecuredRequests: Request Auth Stateless spec: HmacSHA512 in header no rolling should Reject an invalid token" time="0.001">
                      
                    </testcase><testcase classname="tsec.authentication.JWTAuthenticatorTests" name="SecuredRequests: Request Auth Stateless spec: HmacSHA512 in header no rolling should Fail on a discarded token" time="0.0">
                      
                    </testcase><testcase classname="tsec.authentication.JWTAuthenticatorTests" name="SecuredRequests: Request Auth Stateless spec: HmacSHA512 in header no rolling should authorize for an allowed endpoint" time="0.002">
                      
                    </testcase><testcase classname="tsec.authentication.JWTAuthenticatorTests" name="SecuredRequests: Request Auth Stateless spec: HmacSHA512 in header no rolling should not authorize for a gated endpoint" time="0.001">
                      
                    </testcase><testcase classname="tsec.authentication.JWTAuthenticatorTests" name="SecuredRequests: Request Auth Stateless spec: HmacSHA512 in header no rolling should use the specified response when onNotAuthorized is specified" time="0.0">
                      
                    </testcase><testcase classname="tsec.authentication.JWTAuthenticatorTests" name="SecuredRequests: Request Auth Stateless spec: HmacSHA512 in header no rolling should catch unhandled errors into unauthorized" time="0.001">
                      
                    </testcase><testcase classname="tsec.authentication.JWTAuthenticatorTests" name="SecuredRequests: Request Auth Stateless spec: HmacSHA512 in header no rolling should extract properly for a user aware service" time="0.001">
                      
                    </testcase><testcase classname="tsec.authentication.JWTAuthenticatorTests" name="SecuredRequests: Request Auth Stateless spec: HmacSHA512 in header no rolling should work on a refreshed token" time="0.001">
                      
                    </testcase><testcase classname="tsec.authentication.JWTAuthenticatorTests" name="SecuredRequests: Request Auth Stateless spec: HmacSHA512 in header no rolling should fail on a timed out token" time="0.001">
                      
                    </testcase><testcase classname="tsec.authentication.JWTAuthenticatorTests" name="Authenticator Stateless spec: HmacSHA512 in bearer token rolling should Create, embed and extract properly" time="0.003">
                      
                    </testcase><testcase classname="tsec.authentication.JWTAuthenticatorTests" name="Authenticator Stateless spec: HmacSHA512 in bearer token rolling should Not validate for an expired token" time="0.004">
                      
                    </testcase><testcase classname="tsec.authentication.JWTAuthenticatorTests" name="Authenticator Stateless spec: HmacSHA512 in bearer token rolling should renew properly" time="0.004">
                      
                    </testcase><testcase classname="tsec.authentication.JWTAuthenticatorTests" name="Authenticator Stateless spec: HmacSHA512 in bearer token rolling should Not validate for a token with a different key/incorrect" time="0.003">
                      
                    </testcase><testcase classname="tsec.authentication.JWTAuthenticatorTests" name="Authenticator Stateless spec: HmacSHA512 in bearer token rolling should discard a token properly" time="0.002">
                      
                    </testcase><testcase classname="tsec.authentication.JWTAuthenticatorTests" name="Authenticator Stateless spec: HmacSHA512 in bearer token rolling should no-op validate for a timed out token" time="0.003">
                      
                    </testcase><testcase classname="tsec.authentication.JWTAuthenticatorTests" name="SecuredRequests: Request Auth Stateless spec: HmacSHA512 in bearer token rolling should TryExtractRaw properly" time="0.0">
                      
                    </testcase><testcase classname="tsec.authentication.JWTAuthenticatorTests" name="SecuredRequests: Request Auth Stateless spec: HmacSHA512 in bearer token rolling should Return a proper deserialized user" time="0.002">
                      
                    </testcase><testcase classname="tsec.authentication.JWTAuthenticatorTests" name="SecuredRequests: Request Auth Stateless spec: HmacSHA512 in bearer token rolling should fail on an expired token" time="0.001">
                      
                    </testcase><testcase classname="tsec.authentication.JWTAuthenticatorTests" name="SecuredRequests: Request Auth Stateless spec: HmacSHA512 in bearer token rolling should work on a renewed token" time="0.001">
                      
                    </testcase><testcase classname="tsec.authentication.JWTAuthenticatorTests" name="SecuredRequests: Request Auth Stateless spec: HmacSHA512 in bearer token rolling should Reject an invalid token" time="0.001">
                      
                    </testcase><testcase classname="tsec.authentication.JWTAuthenticatorTests" name="SecuredRequests: Request Auth Stateless spec: HmacSHA512 in bearer token rolling should Fail on a discarded token" time="0.0">
                      
                    </testcase><testcase classname="tsec.authentication.JWTAuthenticatorTests" name="SecuredRequests: Request Auth Stateless spec: HmacSHA512 in bearer token rolling should authorize for an allowed endpoint" time="0.002">
                      
                    </testcase><testcase classname="tsec.authentication.JWTAuthenticatorTests" name="SecuredRequests: Request Auth Stateless spec: HmacSHA512 in bearer token rolling should not authorize for a gated endpoint" time="0.001">
                      
                    </testcase><testcase classname="tsec.authentication.JWTAuthenticatorTests" name="SecuredRequests: Request Auth Stateless spec: HmacSHA512 in bearer token rolling should use the specified response when onNotAuthorized is specified" time="0.0">
                      
                    </testcase><testcase classname="tsec.authentication.JWTAuthenticatorTests" name="SecuredRequests: Request Auth Stateless spec: HmacSHA512 in bearer token rolling should catch unhandled errors into unauthorized" time="0.001">
                      
                    </testcase><testcase classname="tsec.authentication.JWTAuthenticatorTests" name="SecuredRequests: Request Auth Stateless spec: HmacSHA512 in bearer token rolling should extract properly for a user aware service" time="0.0">
                      
                    </testcase><testcase classname="tsec.authentication.JWTAuthenticatorTests" name="SecuredRequests: Request Auth Stateless spec: HmacSHA512 in bearer token rolling should no-op on a timed out token" time="0.001">
                      
                    </testcase><testcase classname="tsec.authentication.JWTAuthenticatorTests" name="Authenticator Stateless spec: HmacSHA512 in cookie rolling should Create, embed and extract properly" time="0.003">
                      
                    </testcase><testcase classname="tsec.authentication.JWTAuthenticatorTests" name="Authenticator Stateless spec: HmacSHA512 in cookie rolling should Not validate for an expired token" time="0.002">
                      
                    </testcase><testcase classname="tsec.authentication.JWTAuthenticatorTests" name="Authenticator Stateless spec: HmacSHA512 in cookie rolling should renew properly" time="0.005">
                      
                    </testcase><testcase classname="tsec.authentication.JWTAuthenticatorTests" name="Authenticator Stateless spec: HmacSHA512 in cookie rolling should Not validate for a token with a different key/incorrect" time="0.003">
                      
                    </testcase><testcase classname="tsec.authentication.JWTAuthenticatorTests" name="Authenticator Stateless spec: HmacSHA512 in cookie rolling should discard a token properly" time="0.003">
                      
                    </testcase><testcase classname="tsec.authentication.JWTAuthenticatorTests" name="Authenticator Stateless spec: HmacSHA512 in cookie rolling should no-op validate for a timed out token" time="0.003">
                      
                    </testcase><testcase classname="tsec.authentication.JWTAuthenticatorTests" name="SecuredRequests: Request Auth Stateless spec: HmacSHA512 in cookie rolling should TryExtractRaw properly" time="0.0">
                      
                    </testcase><testcase classname="tsec.authentication.JWTAuthenticatorTests" name="SecuredRequests: Request Auth Stateless spec: HmacSHA512 in cookie rolling should Return a proper deserialized user" time="0.001">
                      
                    </testcase><testcase classname="tsec.authentication.JWTAuthenticatorTests" name="SecuredRequests: Request Auth Stateless spec: HmacSHA512 in cookie rolling should fail on an expired token" time="0.001">
                      
                    </testcase><testcase classname="tsec.authentication.JWTAuthenticatorTests" name="SecuredRequests: Request Auth Stateless spec: HmacSHA512 in cookie rolling should work on a renewed token" time="0.002">
                      
                    </testcase><testcase classname="tsec.authentication.JWTAuthenticatorTests" name="SecuredRequests: Request Auth Stateless spec: HmacSHA512 in cookie rolling should Reject an invalid token" time="0.0">
                      
                    </testcase><testcase classname="tsec.authentication.JWTAuthenticatorTests" name="SecuredRequests: Request Auth Stateless spec: HmacSHA512 in cookie rolling should Fail on a discarded token" time="0.0">
                      
                    </testcase><testcase classname="tsec.authentication.JWTAuthenticatorTests" name="SecuredRequests: Request Auth Stateless spec: HmacSHA512 in cookie rolling should authorize for an allowed endpoint" time="0.002">
                      
                    </testcase><testcase classname="tsec.authentication.JWTAuthenticatorTests" name="SecuredRequests: Request Auth Stateless spec: HmacSHA512 in cookie rolling should not authorize for a gated endpoint" time="0.001">
                      
                    </testcase><testcase classname="tsec.authentication.JWTAuthenticatorTests" name="SecuredRequests: Request Auth Stateless spec: HmacSHA512 in cookie rolling should use the specified response when onNotAuthorized is specified" time="0.0">
                      
                    </testcase><testcase classname="tsec.authentication.JWTAuthenticatorTests" name="SecuredRequests: Request Auth Stateless spec: HmacSHA512 in cookie rolling should catch unhandled errors into unauthorized" time="0.001">
                      
                    </testcase><testcase classname="tsec.authentication.JWTAuthenticatorTests" name="SecuredRequests: Request Auth Stateless spec: HmacSHA512 in cookie rolling should extract properly for a user aware service" time="0.001">
                      
                    </testcase><testcase classname="tsec.authentication.JWTAuthenticatorTests" name="SecuredRequests: Request Auth Stateless spec: HmacSHA512 in cookie rolling should no-op on a timed out token" time="0.001">
                      
                    </testcase><testcase classname="tsec.authentication.JWTAuthenticatorTests" name="Authenticator Stateless spec: HmacSHA512 in header rolling should Create, embed and extract properly" time="0.002">
                      
                    </testcase><testcase classname="tsec.authentication.JWTAuthenticatorTests" name="Authenticator Stateless spec: HmacSHA512 in header rolling should Not validate for an expired token" time="0.004">
                      
                    </testcase><testcase classname="tsec.authentication.JWTAuthenticatorTests" name="Authenticator Stateless spec: HmacSHA512 in header rolling should renew properly" time="0.011">
                      
                    </testcase><testcase classname="tsec.authentication.JWTAuthenticatorTests" name="Authenticator Stateless spec: HmacSHA512 in header rolling should Not validate for a token with a different key/incorrect" time="0.004">
                      
                    </testcase><testcase classname="tsec.authentication.JWTAuthenticatorTests" name="Authenticator Stateless spec: HmacSHA512 in header rolling should discard a token properly" time="0.003">
                      
                    </testcase><testcase classname="tsec.authentication.JWTAuthenticatorTests" name="Authenticator Stateless spec: HmacSHA512 in header rolling should no-op validate for a timed out token" time="0.005">
                      
                    </testcase><testcase classname="tsec.authentication.JWTAuthenticatorTests" name="SecuredRequests: Request Auth Stateless spec: HmacSHA512 in header rolling should TryExtractRaw properly" time="0.001">
                      
                    </testcase><testcase classname="tsec.authentication.JWTAuthenticatorTests" name="SecuredRequests: Request Auth Stateless spec: HmacSHA512 in header rolling should Return a proper deserialized user" time="0.003">
                      
                    </testcase><testcase classname="tsec.authentication.JWTAuthenticatorTests" name="SecuredRequests: Request Auth Stateless spec: HmacSHA512 in header rolling should fail on an expired token" time="0.001">
                      
                    </testcase><testcase classname="tsec.authentication.JWTAuthenticatorTests" name="SecuredRequests: Request Auth Stateless spec: HmacSHA512 in header rolling should work on a renewed token" time="0.002">
                      
                    </testcase><testcase classname="tsec.authentication.JWTAuthenticatorTests" name="SecuredRequests: Request Auth Stateless spec: HmacSHA512 in header rolling should Reject an invalid token" time="0.001">
                      
                    </testcase><testcase classname="tsec.authentication.JWTAuthenticatorTests" name="SecuredRequests: Request Auth Stateless spec: HmacSHA512 in header rolling should Fail on a discarded token" time="0.001">
                      
                    </testcase><testcase classname="tsec.authentication.JWTAuthenticatorTests" name="SecuredRequests: Request Auth Stateless spec: HmacSHA512 in header rolling should authorize for an allowed endpoint" time="0.001">
                      
                    </testcase><testcase classname="tsec.authentication.JWTAuthenticatorTests" name="SecuredRequests: Request Auth Stateless spec: HmacSHA512 in header rolling should not authorize for a gated endpoint" time="0.0">
                      
                    </testcase><testcase classname="tsec.authentication.JWTAuthenticatorTests" name="SecuredRequests: Request Auth Stateless spec: HmacSHA512 in header rolling should use the specified response when onNotAuthorized is specified" time="0.0">
                      
                    </testcase><testcase classname="tsec.authentication.JWTAuthenticatorTests" name="SecuredRequests: Request Auth Stateless spec: HmacSHA512 in header rolling should catch unhandled errors into unauthorized" time="0.001">
                      
                    </testcase><testcase classname="tsec.authentication.JWTAuthenticatorTests" name="SecuredRequests: Request Auth Stateless spec: HmacSHA512 in header rolling should extract properly for a user aware service" time="0.001">
                      
                    </testcase><testcase classname="tsec.authentication.JWTAuthenticatorTests" name="SecuredRequests: Request Auth Stateless spec: HmacSHA512 in header rolling should no-op on a timed out token" time="0.0">
                      
                    </testcase>
          <system-out><![CDATA[]]></system-out>
          <system-err><![CDATA[]]></system-err>
        </testsuite>