<?xml version='1.0' encoding='UTF-8'?>
<testsuite hostname="columbia-mbp" name="tsec.authentication.SignedCookieAuthenticatorTests" tests="84" errors="0" failures="0" skipped="0" time="0.203" timestamp="2021-12-08T21:47:28">
          <properties>
[...]
</properties>
          <testcase classname="tsec.authentication.SignedCookieAuthenticatorTests" name="HMACSHA1 Authenticator should Create, embed and extract properly" time="0.019">
                      
                    </testcase><testcase classname="tsec.authentication.SignedCookieAuthenticatorTests" name="HMACSHA1 Authenticator should Not validate for an expired token" time="0.005">
                      
                    </testcase><testcase classname="tsec.authentication.SignedCookieAuthenticatorTests" name="HMACSHA1 Authenticator should renew properly" time="0.006">
                      
                    </testcase><testcase classname="tsec.authentication.SignedCookieAuthenticatorTests" name="HMACSHA1 Authenticator should Not validate for a token with a different key/incorrect" time="0.004">
                      
                    </testcase><testcase classname="tsec.authentication.SignedCookieAuthenticatorTests" name="HMACSHA1 Authenticator should discard a token properly" time="0.008">
                      
                    </testcase><testcase classname="tsec.authentication.SignedCookieAuthenticatorTests" name="HMACSHA1 Authenticator should Not validate for a token past the timeout" time="0.009">
                      
                    </testcase><testcase classname="tsec.authentication.SignedCookieAuthenticatorTests" name="HMACSHA1 Authenticator should refresh properly" time="0.007">
                      
                    </testcase><testcase classname="tsec.authentication.SignedCookieAuthenticatorTests" name="HMACSHA256 Authenticator should Create, embed and extract properly" time="0.004">
                      
                    </testcase><testcase classname="tsec.authentication.SignedCookieAuthenticatorTests" name="HMACSHA256 Authenticator should Not validate for an expired token" time="0.004">
                      
                    </testcase><testcase classname="tsec.authentication.SignedCookieAuthenticatorTests" name="HMACSHA256 Authenticator should renew properly" time="0.006">
                      
                    </testcase><testcase classname="tsec.authentication.SignedCookieAuthenticatorTests" name="HMACSHA256 Authenticator should Not validate for a token with a different key/incorrect" time="0.004">
                      
                    </testcase><testcase classname="tsec.authentication.SignedCookieAuthenticatorTests" name="HMACSHA256 Authenticator should discard a token properly" time="0.003">
                      
                    </testcase><testcase classname="tsec.authentication.SignedCookieAuthenticatorTests" name="HMACSHA256 Authenticator should Not validate for a token past the timeout" time="0.004">
                      
                    </testcase><testcase classname="tsec.authentication.SignedCookieAuthenticatorTests" name="HMACSHA256 Authenticator should refresh properly" time="0.004">
                      
                    </testcase><testcase classname="tsec.authentication.SignedCookieAuthenticatorTests" name="HMACSHA384 Authenticator should Create, embed and extract properly" time="0.003">
                      
                    </testcase><testcase classname="tsec.authentication.SignedCookieAuthenticatorTests" name="HMACSHA384 Authenticator should Not validate for an expired token" time="0.003">
                      
                    </testcase><testcase classname="tsec.authentication.SignedCookieAuthenticatorTests" name="HMACSHA384 Authenticator should renew properly" time="0.005">
                      
                    </testcase><testcase classname="tsec.authentication.SignedCookieAuthenticatorTests" name="HMACSHA384 Authenticator should Not validate for a token with a different key/incorrect" time="0.003">
                      
                    </testcase><testcase classname="tsec.authentication.SignedCookieAuthenticatorTests" name="HMACSHA384 Authenticator should discard a token properly" time="0.003">
                      
                    </testcase><testcase classname="tsec.authentication.SignedCookieAuthenticatorTests" name="HMACSHA384 Authenticator should Not validate for a token past the timeout" time="0.012">
                      
                    </testcase><testcase classname="tsec.authentication.SignedCookieAuthenticatorTests" name="HMACSHA384 Authenticator should refresh properly" time="0.003">
                      
                    </testcase><testcase classname="tsec.authentication.SignedCookieAuthenticatorTests" name="HMACSHA512 Authenticator should Create, embed and extract properly" time="0.003">
                      
                    </testcase><testcase classname="tsec.authentication.SignedCookieAuthenticatorTests" name="HMACSHA512 Authenticator should Not validate for an expired token" time="0.002">
                      
                    </testcase><testcase classname="tsec.authentication.SignedCookieAuthenticatorTests" name="HMACSHA512 Authenticator should renew properly" time="0.003">
                      
                    </testcase><testcase classname="tsec.authentication.SignedCookieAuthenticatorTests" name="HMACSHA512 Authenticator should Not validate for a token with a different key/incorrect" time="0.002">
                      
                    </testcase><testcase classname="tsec.authentication.SignedCookieAuthenticatorTests" name="HMACSHA512 Authenticator should discard a token properly" time="0.004">
                      
                    </testcase><testcase classname="tsec.authentication.SignedCookieAuthenticatorTests" name="HMACSHA512 Authenticator should Not validate for a token past the timeout" time="0.004">
                      
                    </testcase><testcase classname="tsec.authentication.SignedCookieAuthenticatorTests" name="HMACSHA512 Authenticator should refresh properly" time="0.007">
                      
                    </testcase><testcase classname="tsec.authentication.SignedCookieAuthenticatorTests" name="SecuredRequests: HMACSHA1 Authenticator should TryExtractRaw properly" time="0.003">
                      
                    </testcase><testcase classname="tsec.authentication.SignedCookieAuthenticatorTests" name="SecuredRequests: HMACSHA1 Authenticator should Return a proper deserialized user" time="0.003">
                      
                    </testcase><testcase classname="tsec.authentication.SignedCookieAuthenticatorTests" name="SecuredRequests: HMACSHA1 Authenticator should fail on an expired token" time="0.001">
                      
                    </testcase><testcase classname="tsec.authentication.SignedCookieAuthenticatorTests" name="SecuredRequests: HMACSHA1 Authenticator should work on a renewed token" time="0.001">
                      
                    </testcase><testcase classname="tsec.authentication.SignedCookieAuthenticatorTests" name="SecuredRequests: HMACSHA1 Authenticator should Reject an invalid token" time="0.0">
                      
                    </testcase><testcase classname="tsec.authentication.SignedCookieAuthenticatorTests" name="SecuredRequests: HMACSHA1 Authenticator should Fail on a discarded token" time="0.001">
                      
                    </testcase><testcase classname="tsec.authentication.SignedCookieAuthenticatorTests" name="SecuredRequests: HMACSHA1 Authenticator should authorize for an allowed endpoint" time="0.001">
                      
                    </testcase><testcase classname="tsec.authentication.SignedCookieAuthenticatorTests" name="SecuredRequests: HMACSHA1 Authenticator should not authorize for a gated endpoint" time="0.001">
                      
                    </testcase><testcase classname="tsec.authentication.SignedCookieAuthenticatorTests" name="SecuredRequests: HMACSHA1 Authenticator should use the specified response when onNotAuthorized is specified" time="0.0">
                      
                    </testcase><testcase classname="tsec.authentication.SignedCookieAuthenticatorTests" name="SecuredRequests: HMACSHA1 Authenticator should catch unhandled errors into unauthorized" time="0.001">
                      
                    </testcase><testcase classname="tsec.authentication.SignedCookieAuthenticatorTests" name="SecuredRequests: HMACSHA1 Authenticator should extract properly for a user aware service" time="0.001">
                      
                    </testcase><testcase classname="tsec.authentication.SignedCookieAuthenticatorTests" name="SecuredRequests: HMACSHA1 Authenticator should work on a refreshed token" time="0.001">
                      
                    </testcase><testcase classname="tsec.authentication.SignedCookieAuthenticatorTests" name="SecuredRequests: HMACSHA1 Authenticator should fail on a timed out token" time="0.001">
                      
                    </testcase><testcase classname="tsec.authentication.SignedCookieAuthenticatorTests" name="SecuredRequests: HMACSHA256 Authenticator should TryExtractRaw properly" time="0.0">
                      
                    </testcase><testcase classname="tsec.authentication.SignedCookieAuthenticatorTests" name="SecuredRequests: HMACSHA256 Authenticator should Return a proper deserialized user" time="0.002">
                      
                    </testcase><testcase classname="tsec.authentication.SignedCookieAuthenticatorTests" name="SecuredRequests: HMACSHA256 Authenticator should fail on an expired token" time="0.001">
                      
                    </testcase><testcase classname="tsec.authentication.SignedCookieAuthenticatorTests" name="SecuredRequests: HMACSHA256 Authenticator should work on a renewed token" time="0.002">
                      
                    </testcase><testcase classname="tsec.authentication.SignedCookieAuthenticatorTests" name="SecuredRequests: HMACSHA256 Authenticator should Reject an invalid token" time="0.001">
                      
                    </testcase><testcase classname="tsec.authentication.SignedCookieAuthenticatorTests" name="SecuredRequests: HMACSHA256 Authenticator should Fail on a discarded token" time="0.001">
                      
                    </testcase><testcase classname="tsec.authentication.SignedCookieAuthenticatorTests" name="SecuredRequests: HMACSHA256 Authenticator should authorize for an allowed endpoint" time="0.001">
                      
                    </testcase><testcase classname="tsec.authentication.SignedCookieAuthenticatorTests" name="SecuredRequests: HMACSHA256 Authenticator should not authorize for a gated endpoint" time="0.0">
                      
                    </testcase><testcase classname="tsec.authentication.SignedCookieAuthenticatorTests" name="SecuredRequests: HMACSHA256 Authenticator should use the specified response when onNotAuthorized is specified" time="0.001">
                      
                    </testcase><testcase classname="tsec.authentication.SignedCookieAuthenticatorTests" name="SecuredRequests: HMACSHA256 Authenticator should catch unhandled errors into unauthorized" time="0.0">
                      
                    </testcase><testcase classname="tsec.authentication.SignedCookieAuthenticatorTests" name="SecuredRequests: HMACSHA256 Authenticator should extract properly for a user aware service" time="0.0">
                      
                    </testcase><testcase classname="tsec.authentication.SignedCookieAuthenticatorTests" name="SecuredRequests: HMACSHA256 Authenticator should work on a refreshed token" time="0.001">
                      
                    </testcase><testcase classname="tsec.authentication.SignedCookieAuthenticatorTests" name="SecuredRequests: HMACSHA256 Authenticator should fail on a timed out token" time="0.001">
                      
                    </testcase><testcase classname="tsec.authentication.SignedCookieAuthenticatorTests" name="SecuredRequests: HMACSHA384 Authenticator should TryExtractRaw properly" time="0.0">
                      
                    </testcase><testcase classname="tsec.authentication.SignedCookieAuthenticatorTests" name="SecuredRequests: HMACSHA384 Authenticator should Return a proper deserialized user" time="0.002">
                      
                    </testcase><testcase classname="tsec.authentication.SignedCookieAuthenticatorTests" name="SecuredRequests: HMACSHA384 Authenticator should fail on an expired token" time="0.0">
                      
                    </testcase><testcase classname="tsec.authentication.SignedCookieAuthenticatorTests" name="SecuredRequests: HMACSHA384 Authenticator should work on a renewed token" time="0.005">
                      
                    </testcase><testcase classname="tsec.authentication.SignedCookieAuthenticatorTests" name="SecuredRequests: HMACSHA384 Authenticator should Reject an invalid token" time="0.001">
                      
                    </testcase><testcase classname="tsec.authentication.SignedCookieAuthenticatorTests" name="SecuredRequests: HMACSHA384 Authenticator should Fail on a discarded token" time="0.001">
                      
                    </testcase><testcase classname="tsec.authentication.SignedCookieAuthenticatorTests" name="SecuredRequests: HMACSHA384 Authenticator should authorize for an allowed endpoint" time="0.001">
                      
                    </testcase><testcase classname="tsec.authentication.SignedCookieAuthenticatorTests" name="SecuredRequests: HMACSHA384 Authenticator should not authorize for a gated endpoint" time="0.0">
                      
                    </testcase><testcase classname="tsec.authentication.SignedCookieAuthenticatorTests" name="SecuredRequests: HMACSHA384 Authenticator should use the specified response when onNotAuthorized is specified" time="0.0">
                      
                    </testcase><testcase classname="tsec.authentication.SignedCookieAuthenticatorTests" name="SecuredRequests: HMACSHA384 Authenticator should catch unhandled errors into unauthorized" time="0.001">
                      
                    </testcase><testcase classname="tsec.authentication.SignedCookieAuthenticatorTests" name="SecuredRequests: HMACSHA384 Authenticator should extract properly for a user aware service" time="0.0">
                      
                    </testcase><testcase classname="tsec.authentication.SignedCookieAuthenticatorTests" name="SecuredRequests: HMACSHA384 Authenticator should work on a refreshed token" time="0.0">
                      
                    </testcase><testcase classname="tsec.authentication.SignedCookieAuthenticatorTests" name="SecuredRequests: HMACSHA384 Authenticator should fail on a timed out token" time="0.001">
                      
                    </testcase><testcase classname="tsec.authentication.SignedCookieAuthenticatorTests" name="SecuredRequests: HMACSHA512 Authenticator should TryExtractRaw properly" time="0.002">
                      
                    </testcase><testcase classname="tsec.authentication.SignedCookieAuthenticatorTests" name="SecuredRequests: HMACSHA512 Authenticator should Return a proper deserialized user" time="0.001">
                      
                    </testcase><testcase classname="tsec.authentication.SignedCookieAuthenticatorTests" name="SecuredRequests: HMACSHA512 Authenticator should fail on an expired token" time="0.001">
                      
                    </testcase><testcase classname="tsec.authentication.SignedCookieAuthenticatorTests" name="SecuredRequests: HMACSHA512 Authenticator should work on a renewed token" time="0.002">
                      
                    </testcase><testcase classname="tsec.authentication.SignedCookieAuthenticatorTests" name="SecuredRequests: HMACSHA512 Authenticator should Reject an invalid token" time="0.0">
                      
                    </testcase><testcase classname="tsec.authentication.SignedCookieAuthenticatorTests" name="SecuredRequests: HMACSHA512 Authenticator should Fail on a discarded token" time="0.001">
                      
                    </testcase><testcase classname="tsec.authentication.SignedCookieAuthenticatorTests" name="SecuredRequests: HMACSHA512 Authenticator should authorize for an allowed endpoint" time="0.002">
                      
                    </testcase><testcase classname="tsec.authentication.SignedCookieAuthenticatorTests" name="SecuredRequests: HMACSHA512 Authenticator should not authorize for a gated endpoint" time="0.0">
                      
                    </testcase><testcase classname="tsec.authentication.SignedCookieAuthenticatorTests" name="SecuredRequests: HMACSHA512 Authenticator should use the specified response when onNotAuthorized is specified" time="0.0">
                      
                    </testcase><testcase classname="tsec.authentication.SignedCookieAuthenticatorTests" name="SecuredRequests: HMACSHA512 Authenticator should catch unhandled errors into unauthorized" time="0.001">
                      
                    </testcase><testcase classname="tsec.authentication.SignedCookieAuthenticatorTests" name="SecuredRequests: HMACSHA512 Authenticator should extract properly for a user aware service" time="0.001">
                      
                    </testcase><testcase classname="tsec.authentication.SignedCookieAuthenticatorTests" name="SecuredRequests: HMACSHA512 Authenticator should work on a refreshed token" time="0.002">
                      
                    </testcase><testcase classname="tsec.authentication.SignedCookieAuthenticatorTests" name="SecuredRequests: HMACSHA512 Authenticator should fail on a timed out token" time="0.001">
                      
                    </testcase><testcase classname="tsec.authentication.SignedCookieAuthenticatorTests" name="Signed Cookie Authenticator HmacSHA1 should expire tokens on discard" time="0.004">
                      
                    </testcase><testcase classname="tsec.authentication.SignedCookieAuthenticatorTests" name="Signed Cookie Authenticator HmacSHA256 should expire tokens on discard" time="0.001">
                      
                    </testcase><testcase classname="tsec.authentication.SignedCookieAuthenticatorTests" name="Signed Cookie Authenticator HmacSHA384 should expire tokens on discard" time="0.001">
                      
                    </testcase><testcase classname="tsec.authentication.SignedCookieAuthenticatorTests" name="Signed Cookie Authenticator HmacSHA512 should expire tokens on discard" time="0.001">
                      
                    </testcase>
          <system-out><![CDATA[]]></system-out>
          <system-err><![CDATA[]]></system-err>
        </testsuite>