<?xml version='1.0' encoding='UTF-8'?>
<testsuite hostname="columbia-mbp" name="tsec.authentication.EncryptedCookieAuthenticatorTests" tests="124" errors="0" failures="0" skipped="0" time="0.36" timestamp="2021-12-08T21:47:29">
          <properties>
[...]
</properties>
          <testcase classname="tsec.authentication.EncryptedCookieAuthenticatorTests" name="AES128GCM Authenticator w\ backing store should Create, embed and extract properly" time="0.018">
                      
                    </testcase><testcase classname="tsec.authentication.EncryptedCookieAuthenticatorTests" name="AES128GCM Authenticator w\ backing store should Not validate for an expired token" time="0.009">
                      
                    </testcase><testcase classname="tsec.authentication.EncryptedCookieAuthenticatorTests" name="AES128GCM Authenticator w\ backing store should renew properly" time="0.007">
                      
                    </testcase><testcase classname="tsec.authentication.EncryptedCookieAuthenticatorTests" name="AES128GCM Authenticator w\ backing store should Not validate for a token with a different key/incorrect" time="0.007">
                      
                    </testcase><testcase classname="tsec.authentication.EncryptedCookieAuthenticatorTests" name="AES128GCM Authenticator w\ backing store should discard a token properly" time="0.005">
                      
                    </testcase><testcase classname="tsec.authentication.EncryptedCookieAuthenticatorTests" name="AES128GCM Authenticator w\ backing store should Not validate for a token past the timeout" time="0.006">
                      
                    </testcase><testcase classname="tsec.authentication.EncryptedCookieAuthenticatorTests" name="AES128GCM Authenticator w\ backing store should refresh properly" time="0.003">
                      
                    </testcase><testcase classname="tsec.authentication.EncryptedCookieAuthenticatorTests" name="AES192GCM Authenticator w\ backing store should Create, embed and extract properly" time="0.004">
                      
                    </testcase><testcase classname="tsec.authentication.EncryptedCookieAuthenticatorTests" name="AES192GCM Authenticator w\ backing store should Not validate for an expired token" time="0.004">
                      
                    </testcase><testcase classname="tsec.authentication.EncryptedCookieAuthenticatorTests" name="AES192GCM Authenticator w\ backing store should renew properly" time="0.004">
                      
                    </testcase><testcase classname="tsec.authentication.EncryptedCookieAuthenticatorTests" name="AES192GCM Authenticator w\ backing store should Not validate for a token with a different key/incorrect" time="0.006">
                      
                    </testcase><testcase classname="tsec.authentication.EncryptedCookieAuthenticatorTests" name="AES192GCM Authenticator w\ backing store should discard a token properly" time="0.006">
                      
                    </testcase><testcase classname="tsec.authentication.EncryptedCookieAuthenticatorTests" name="AES192GCM Authenticator w\ backing store should Not validate for a token past the timeout" time="0.005">
                      
                    </testcase><testcase classname="tsec.authentication.EncryptedCookieAuthenticatorTests" name="AES192GCM Authenticator w\ backing store should refresh properly" time="0.006">
                      
                    </testcase><testcase classname="tsec.authentication.EncryptedCookieAuthenticatorTests" name="AES256GCM Authenticator w\ backing store should Create, embed and extract properly" time="0.005">
                      
                    </testcase><testcase classname="tsec.authentication.EncryptedCookieAuthenticatorTests" name="AES256GCM Authenticator w\ backing store should Not validate for an expired token" time="0.004">
                      
                    </testcase><testcase classname="tsec.authentication.EncryptedCookieAuthenticatorTests" name="AES256GCM Authenticator w\ backing store should renew properly" time="0.003">
                      
                    </testcase><testcase classname="tsec.authentication.EncryptedCookieAuthenticatorTests" name="AES256GCM Authenticator w\ backing store should Not validate for a token with a different key/incorrect" time="0.004">
                      
                    </testcase><testcase classname="tsec.authentication.EncryptedCookieAuthenticatorTests" name="AES256GCM Authenticator w\ backing store should discard a token properly" time="0.004">
                      
                    </testcase><testcase classname="tsec.authentication.EncryptedCookieAuthenticatorTests" name="AES256GCM Authenticator w\ backing store should Not validate for a token past the timeout" time="0.003">
                      
                    </testcase><testcase classname="tsec.authentication.EncryptedCookieAuthenticatorTests" name="AES256GCM Authenticator w\ backing store should refresh properly" time="0.005">
                      
                    </testcase><testcase classname="tsec.authentication.EncryptedCookieAuthenticatorTests" name="AES128GCM Authenticator stateless should Create, embed and extract properly" time="0.021">
                      
                    </testcase><testcase classname="tsec.authentication.EncryptedCookieAuthenticatorTests" name="AES128GCM Authenticator stateless should Not validate for an expired token" time="0.009">
                      
                    </testcase><testcase classname="tsec.authentication.EncryptedCookieAuthenticatorTests" name="AES128GCM Authenticator stateless should renew properly" time="0.016">
                      
                    </testcase><testcase classname="tsec.authentication.EncryptedCookieAuthenticatorTests" name="AES128GCM Authenticator stateless should Not validate for a token with a different key/incorrect" time="0.009">
                      
                    </testcase><testcase classname="tsec.authentication.EncryptedCookieAuthenticatorTests" name="AES128GCM Authenticator stateless should discard a token properly" time="0.005">
                      
                    </testcase><testcase classname="tsec.authentication.EncryptedCookieAuthenticatorTests" name="AES128GCM Authenticator stateless should Not validate for a token past the timeout" time="0.007">
                      
                    </testcase><testcase classname="tsec.authentication.EncryptedCookieAuthenticatorTests" name="AES128GCM Authenticator stateless should refresh properly" time="0.007">
                      
                    </testcase><testcase classname="tsec.authentication.EncryptedCookieAuthenticatorTests" name="AES192GCM Authenticator stateless should Create, embed and extract properly" time="0.006">
                      
                    </testcase><testcase classname="tsec.authentication.EncryptedCookieAuthenticatorTests" name="AES192GCM Authenticator stateless should Not validate for an expired token" time="0.009">
                      
                    </testcase><testcase classname="tsec.authentication.EncryptedCookieAuthenticatorTests" name="AES192GCM Authenticator stateless should renew properly" time="0.011">
                      
                    </testcase><testcase classname="tsec.authentication.EncryptedCookieAuthenticatorTests" name="AES192GCM Authenticator stateless should Not validate for a token with a different key/incorrect" time="0.005">
                      
                    </testcase><testcase classname="tsec.authentication.EncryptedCookieAuthenticatorTests" name="AES192GCM Authenticator stateless should discard a token properly" time="0.003">
                      
                    </testcase><testcase classname="tsec.authentication.EncryptedCookieAuthenticatorTests" name="AES192GCM Authenticator stateless should Not validate for a token past the timeout" time="0.004">
                      
                    </testcase><testcase classname="tsec.authentication.EncryptedCookieAuthenticatorTests" name="AES192GCM Authenticator stateless should refresh properly" time="0.005">
                      
                    </testcase><testcase classname="tsec.authentication.EncryptedCookieAuthenticatorTests" name="AES256GCM Authenticator stateless should Create, embed and extract properly" time="0.006">
                      
                    </testcase><testcase classname="tsec.authentication.EncryptedCookieAuthenticatorTests" name="AES256GCM Authenticator stateless should Not validate for an expired token" time="0.006">
                      
                    </testcase><testcase classname="tsec.authentication.EncryptedCookieAuthenticatorTests" name="AES256GCM Authenticator stateless should renew properly" time="0.008">
                      
                    </testcase><testcase classname="tsec.authentication.EncryptedCookieAuthenticatorTests" name="AES256GCM Authenticator stateless should Not validate for a token with a different key/incorrect" time="0.006">
                      
                    </testcase><testcase classname="tsec.authentication.EncryptedCookieAuthenticatorTests" name="AES256GCM Authenticator stateless should discard a token properly" time="0.005">
                      
                    </testcase><testcase classname="tsec.authentication.EncryptedCookieAuthenticatorTests" name="AES256GCM Authenticator stateless should Not validate for a token past the timeout" time="0.005">
                      
                    </testcase><testcase classname="tsec.authentication.EncryptedCookieAuthenticatorTests" name="AES256GCM Authenticator stateless should refresh properly" time="0.005">
                      
                    </testcase><testcase classname="tsec.authentication.EncryptedCookieAuthenticatorTests" name="SecuredRequests: AES128GCM Authenticator w\ backing store should TryExtractRaw properly" time="0.0">
                      
                    </testcase><testcase classname="tsec.authentication.EncryptedCookieAuthenticatorTests" name="SecuredRequests: AES128GCM Authenticator w\ backing store should Return a proper deserialized user" time="0.002">
                      
                    </testcase><testcase classname="tsec.authentication.EncryptedCookieAuthenticatorTests" name="SecuredRequests: AES128GCM Authenticator w\ backing store should fail on an expired token" time="0.001">
                      
                    </testcase><testcase classname="tsec.authentication.EncryptedCookieAuthenticatorTests" name="SecuredRequests: AES128GCM Authenticator w\ backing store should work on a renewed token" time="0.001">
                      
                    </testcase><testcase classname="tsec.authentication.EncryptedCookieAuthenticatorTests" name="SecuredRequests: AES128GCM Authenticator w\ backing store should Reject an invalid token" time="0.0">
                      
                    </testcase><testcase classname="tsec.authentication.EncryptedCookieAuthenticatorTests" name="SecuredRequests: AES128GCM Authenticator w\ backing store should Fail on a discarded token" time="0.0">
                      
                    </testcase><testcase classname="tsec.authentication.EncryptedCookieAuthenticatorTests" name="SecuredRequests: AES128GCM Authenticator w\ backing store should authorize for an allowed endpoint" time="0.002">
                      
                    </testcase><testcase classname="tsec.authentication.EncryptedCookieAuthenticatorTests" name="SecuredRequests: AES128GCM Authenticator w\ backing store should not authorize for a gated endpoint" time="0.001">
                      
                    </testcase><testcase classname="tsec.authentication.EncryptedCookieAuthenticatorTests" name="SecuredRequests: AES128GCM Authenticator w\ backing store should use the specified response when onNotAuthorized is specified" time="0.0">
                      
                    </testcase><testcase classname="tsec.authentication.EncryptedCookieAuthenticatorTests" name="SecuredRequests: AES128GCM Authenticator w\ backing store should catch unhandled errors into unauthorized" time="0.001">
                      
                    </testcase><testcase classname="tsec.authentication.EncryptedCookieAuthenticatorTests" name="SecuredRequests: AES128GCM Authenticator w\ backing store should extract properly for a user aware service" time="0.001">
                      
                    </testcase><testcase classname="tsec.authentication.EncryptedCookieAuthenticatorTests" name="SecuredRequests: AES128GCM Authenticator w\ backing store should work on a refreshed token" time="0.001">
                      
                    </testcase><testcase classname="tsec.authentication.EncryptedCookieAuthenticatorTests" name="SecuredRequests: AES128GCM Authenticator w\ backing store should fail on a timed out token" time="0.001">
                      
                    </testcase><testcase classname="tsec.authentication.EncryptedCookieAuthenticatorTests" name="SecuredRequests: AES192GCM Authenticator w\ backing store should TryExtractRaw properly" time="0.0">
                      
                    </testcase><testcase classname="tsec.authentication.EncryptedCookieAuthenticatorTests" name="SecuredRequests: AES192GCM Authenticator w\ backing store should Return a proper deserialized user" time="0.001">
                      
                    </testcase><testcase classname="tsec.authentication.EncryptedCookieAuthenticatorTests" name="SecuredRequests: AES192GCM Authenticator w\ backing store should fail on an expired token" time="0.001">
                      
                    </testcase><testcase classname="tsec.authentication.EncryptedCookieAuthenticatorTests" name="SecuredRequests: AES192GCM Authenticator w\ backing store should work on a renewed token" time="0.001">
                      
                    </testcase><testcase classname="tsec.authentication.EncryptedCookieAuthenticatorTests" name="SecuredRequests: AES192GCM Authenticator w\ backing store should Reject an invalid token" time="0.001">
                      
                    </testcase><testcase classname="tsec.authentication.EncryptedCookieAuthenticatorTests" name="SecuredRequests: AES192GCM Authenticator w\ backing store should Fail on a discarded token" time="0.0">
                      
                    </testcase><testcase classname="tsec.authentication.EncryptedCookieAuthenticatorTests" name="SecuredRequests: AES192GCM Authenticator w\ backing store should authorize for an allowed endpoint" time="0.001">
                      
                    </testcase><testcase classname="tsec.authentication.EncryptedCookieAuthenticatorTests" name="SecuredRequests: AES192GCM Authenticator w\ backing store should not authorize for a gated endpoint" time="0.0">
                      
                    </testcase><testcase classname="tsec.authentication.EncryptedCookieAuthenticatorTests" name="SecuredRequests: AES192GCM Authenticator w\ backing store should use the specified response when onNotAuthorized is specified" time="0.0">
                      
                    </testcase><testcase classname="tsec.authentication.EncryptedCookieAuthenticatorTests" name="SecuredRequests: AES192GCM Authenticator w\ backing store should catch unhandled errors into unauthorized" time="0.001">
                      
                    </testcase><testcase classname="tsec.authentication.EncryptedCookieAuthenticatorTests" name="SecuredRequests: AES192GCM Authenticator w\ backing store should extract properly for a user aware service" time="0.0">
                      
                    </testcase><testcase classname="tsec.authentication.EncryptedCookieAuthenticatorTests" name="SecuredRequests: AES192GCM Authenticator w\ backing store should work on a refreshed token" time="0.001">
                      
                    </testcase><testcase classname="tsec.authentication.EncryptedCookieAuthenticatorTests" name="SecuredRequests: AES192GCM Authenticator w\ backing store should fail on a timed out token" time="0.001">
                      
                    </testcase><testcase classname="tsec.authentication.EncryptedCookieAuthenticatorTests" name="SecuredRequests: AES256GCM Authenticator w\ backing store should TryExtractRaw properly" time="0.001">
                      
                    </testcase><testcase classname="tsec.authentication.EncryptedCookieAuthenticatorTests" name="SecuredRequests: AES256GCM Authenticator w\ backing store should Return a proper deserialized user" time="0.001">
                      
                    </testcase><testcase classname="tsec.authentication.EncryptedCookieAuthenticatorTests" name="SecuredRequests: AES256GCM Authenticator w\ backing store should fail on an expired token" time="0.001">
                      
                    </testcase><testcase classname="tsec.authentication.EncryptedCookieAuthenticatorTests" name="SecuredRequests: AES256GCM Authenticator w\ backing store should work on a renewed token" time="0.002">
                      
                    </testcase><testcase classname="tsec.authentication.EncryptedCookieAuthenticatorTests" name="SecuredRequests: AES256GCM Authenticator w\ backing store should Reject an invalid token" time="0.001">
                      
                    </testcase><testcase classname="tsec.authentication.EncryptedCookieAuthenticatorTests" name="SecuredRequests: AES256GCM Authenticator w\ backing store should Fail on a discarded token" time="0.001">
                      
                    </testcase><testcase classname="tsec.authentication.EncryptedCookieAuthenticatorTests" name="SecuredRequests: AES256GCM Authenticator w\ backing store should authorize for an allowed endpoint" time="0.003">
                      
                    </testcase><testcase classname="tsec.authentication.EncryptedCookieAuthenticatorTests" name="SecuredRequests: AES256GCM Authenticator w\ backing store should not authorize for a gated endpoint" time="0.001">
                      
                    </testcase><testcase classname="tsec.authentication.EncryptedCookieAuthenticatorTests" name="SecuredRequests: AES256GCM Authenticator w\ backing store should use the specified response when onNotAuthorized is specified" time="0.0">
                      
                    </testcase><testcase classname="tsec.authentication.EncryptedCookieAuthenticatorTests" name="SecuredRequests: AES256GCM Authenticator w\ backing store should catch unhandled errors into unauthorized" time="0.001">
                      
                    </testcase><testcase classname="tsec.authentication.EncryptedCookieAuthenticatorTests" name="SecuredRequests: AES256GCM Authenticator w\ backing store should extract properly for a user aware service" time="0.001">
                      
                    </testcase><testcase classname="tsec.authentication.EncryptedCookieAuthenticatorTests" name="SecuredRequests: AES256GCM Authenticator w\ backing store should work on a refreshed token" time="0.0">
                      
                    </testcase><testcase classname="tsec.authentication.EncryptedCookieAuthenticatorTests" name="SecuredRequests: AES256GCM Authenticator w\ backing store should fail on a timed out token" time="0.0">
                      
                    </testcase><testcase classname="tsec.authentication.EncryptedCookieAuthenticatorTests" name="SecuredRequests: AES128GCM Authenticator stateless should TryExtractRaw properly" time="0.001">
                      
                    </testcase><testcase classname="tsec.authentication.EncryptedCookieAuthenticatorTests" name="SecuredRequests: AES128GCM Authenticator stateless should Return a proper deserialized user" time="0.002">
                      
                    </testcase><testcase classname="tsec.authentication.EncryptedCookieAuthenticatorTests" name="SecuredRequests: AES128GCM Authenticator stateless should fail on an expired token" time="0.001">
                      
                    </testcase><testcase classname="tsec.authentication.EncryptedCookieAuthenticatorTests" name="SecuredRequests: AES128GCM Authenticator stateless should work on a renewed token" time="0.002">
                      
                    </testcase><testcase classname="tsec.authentication.EncryptedCookieAuthenticatorTests" name="SecuredRequests: AES128GCM Authenticator stateless should Reject an invalid token" time="0.0">
                      
                    </testcase><testcase classname="tsec.authentication.EncryptedCookieAuthenticatorTests" name="SecuredRequests: AES128GCM Authenticator stateless should Fail on a discarded token" time="0.001">
                      
                    </testcase><testcase classname="tsec.authentication.EncryptedCookieAuthenticatorTests" name="SecuredRequests: AES128GCM Authenticator stateless should authorize for an allowed endpoint" time="0.002">
                      
                    </testcase><testcase classname="tsec.authentication.EncryptedCookieAuthenticatorTests" name="SecuredRequests: AES128GCM Authenticator stateless should not authorize for a gated endpoint" time="0.001">
                      
                    </testcase><testcase classname="tsec.authentication.EncryptedCookieAuthenticatorTests" name="SecuredRequests: AES128GCM Authenticator stateless should use the specified response when onNotAuthorized is specified" time="0.0">
                      
                    </testcase><testcase classname="tsec.authentication.EncryptedCookieAuthenticatorTests" name="SecuredRequests: AES128GCM Authenticator stateless should catch unhandled errors into unauthorized" time="0.001">
                      
                    </testcase><testcase classname="tsec.authentication.EncryptedCookieAuthenticatorTests" name="SecuredRequests: AES128GCM Authenticator stateless should extract properly for a user aware service" time="0.001">
                      
                    </testcase><testcase classname="tsec.authentication.EncryptedCookieAuthenticatorTests" name="SecuredRequests: AES128GCM Authenticator stateless should work on a refreshed token" time="0.001">
                      
                    </testcase><testcase classname="tsec.authentication.EncryptedCookieAuthenticatorTests" name="SecuredRequests: AES128GCM Authenticator stateless should fail on a timed out token" time="0.0">
                      
                    </testcase><testcase classname="tsec.authentication.EncryptedCookieAuthenticatorTests" name="SecuredRequests: AES192GCM Authenticator stateless should TryExtractRaw properly" time="0.0">
                      
                    </testcase><testcase classname="tsec.authentication.EncryptedCookieAuthenticatorTests" name="SecuredRequests: AES192GCM Authenticator stateless should Return a proper deserialized user" time="0.002">
                      
                    </testcase><testcase classname="tsec.authentication.EncryptedCookieAuthenticatorTests" name="SecuredRequests: AES192GCM Authenticator stateless should fail on an expired token" time="0.002">
                      
                    </testcase><testcase classname="tsec.authentication.EncryptedCookieAuthenticatorTests" name="SecuredRequests: AES192GCM Authenticator stateless should work on a renewed token" time="0.002">
                      
                    </testcase><testcase classname="tsec.authentication.EncryptedCookieAuthenticatorTests" name="SecuredRequests: AES192GCM Authenticator stateless should Reject an invalid token" time="0.001">
                      
                    </testcase><testcase classname="tsec.authentication.EncryptedCookieAuthenticatorTests" name="SecuredRequests: AES192GCM Authenticator stateless should Fail on a discarded token" time="0.001">
                      
                    </testcase><testcase classname="tsec.authentication.EncryptedCookieAuthenticatorTests" name="SecuredRequests: AES192GCM Authenticator stateless should authorize for an allowed endpoint" time="0.003">
                      
                    </testcase><testcase classname="tsec.authentication.EncryptedCookieAuthenticatorTests" name="SecuredRequests: AES192GCM Authenticator stateless should not authorize for a gated endpoint" time="0.001">
                      
                    </testcase><testcase classname="tsec.authentication.EncryptedCookieAuthenticatorTests" name="SecuredRequests: AES192GCM Authenticator stateless should use the specified response when onNotAuthorized is specified" time="0.001">
                      
                    </testcase><testcase classname="tsec.authentication.EncryptedCookieAuthenticatorTests" name="SecuredRequests: AES192GCM Authenticator stateless should catch unhandled errors into unauthorized" time="0.001">
                      
                    </testcase><testcase classname="tsec.authentication.EncryptedCookieAuthenticatorTests" name="SecuredRequests: AES192GCM Authenticator stateless should extract properly for a user aware service" time="0.001">
                      
                    </testcase><testcase classname="tsec.authentication.EncryptedCookieAuthenticatorTests" name="SecuredRequests: AES192GCM Authenticator stateless should work on a refreshed token" time="0.001">
                      
                    </testcase><testcase classname="tsec.authentication.EncryptedCookieAuthenticatorTests" name="SecuredRequests: AES192GCM Authenticator stateless should fail on a timed out token" time="0.0">
                      
                    </testcase><testcase classname="tsec.authentication.EncryptedCookieAuthenticatorTests" name="SecuredRequests: AES256GCM Authenticator stateless should TryExtractRaw properly" time="0.0">
                      
                    </testcase><testcase classname="tsec.authentication.EncryptedCookieAuthenticatorTests" name="SecuredRequests: AES256GCM Authenticator stateless should Return a proper deserialized user" time="0.002">
                      
                    </testcase><testcase classname="tsec.authentication.EncryptedCookieAuthenticatorTests" name="SecuredRequests: AES256GCM Authenticator stateless should fail on an expired token" time="0.0">
                      
                    </testcase><testcase classname="tsec.authentication.EncryptedCookieAuthenticatorTests" name="SecuredRequests: AES256GCM Authenticator stateless should work on a renewed token" time="0.002">
                      
                    </testcase><testcase classname="tsec.authentication.EncryptedCookieAuthenticatorTests" name="SecuredRequests: AES256GCM Authenticator stateless should Reject an invalid token" time="0.001">
                      
                    </testcase><testcase classname="tsec.authentication.EncryptedCookieAuthenticatorTests" name="SecuredRequests: AES256GCM Authenticator stateless should Fail on a discarded token" time="0.001">
                      
                    </testcase><testcase classname="tsec.authentication.EncryptedCookieAuthenticatorTests" name="SecuredRequests: AES256GCM Authenticator stateless should authorize for an allowed endpoint" time="0.001">
                      
                    </testcase><testcase classname="tsec.authentication.EncryptedCookieAuthenticatorTests" name="SecuredRequests: AES256GCM Authenticator stateless should not authorize for a gated endpoint" time="0.001">
                      
                    </testcase><testcase classname="tsec.authentication.EncryptedCookieAuthenticatorTests" name="SecuredRequests: AES256GCM Authenticator stateless should use the specified response when onNotAuthorized is specified" time="0.001">
                      
                    </testcase><testcase classname="tsec.authentication.EncryptedCookieAuthenticatorTests" name="SecuredRequests: AES256GCM Authenticator stateless should catch unhandled errors into unauthorized" time="0.001">
                      
                    </testcase><testcase classname="tsec.authentication.EncryptedCookieAuthenticatorTests" name="SecuredRequests: AES256GCM Authenticator stateless should extract properly for a user aware service" time="0.001">
                      
                    </testcase><testcase classname="tsec.authentication.EncryptedCookieAuthenticatorTests" name="SecuredRequests: AES256GCM Authenticator stateless should work on a refreshed token" time="0.001">
                      
                    </testcase><testcase classname="tsec.authentication.EncryptedCookieAuthenticatorTests" name="SecuredRequests: AES256GCM Authenticator stateless should fail on a timed out token" time="0.001">
                      
                    </testcase><testcase classname="tsec.authentication.EncryptedCookieAuthenticatorTests" name="Stateless Encrypted cookie authenticator with AES256 should expire the cookie on discard" time="0.004">
                      
                    </testcase><testcase classname="tsec.authentication.EncryptedCookieAuthenticatorTests" name="Stateless Encrypted cookie authenticator with AES256 should pass along fixed settings" time="0.005">
                      
                    </testcase><testcase classname="tsec.authentication.EncryptedCookieAuthenticatorTests" name="Stateful Encrypted cookie authenticator with AES256 should expire the cookie on discard" time="0.001">
                      
                    </testcase><testcase classname="tsec.authentication.EncryptedCookieAuthenticatorTests" name="Stateful Encrypted cookie authenticator with AES256 should pass along fixed settings" time="0.0">
                      
                    </testcase>
          <system-out><![CDATA[]]></system-out>
          <system-err><![CDATA[]]></system-err>
        </testsuite>