<?xml version='1.0' encoding='UTF-8'?>
<testsuite hostname="columbia-mbp" name="tsec.hashing.bouncy.HasherTest" tests="30" errors="0" failures="0" skipped="0" time="0.676" timestamp="2021-12-08T21:47:00">
          <properties>
[...]
</properties>
          <testcase classname="tsec.hashing.bouncy.HasherTest" name="A cryptographic hash function for SHA3-224 should generate an equal hash for two equal byte arrays" time="0.164">
                      
                    </testcase><testcase classname="tsec.hashing.bouncy.HasherTest" name="A cryptographic hash function for SHA3-224 should generate an equal hash for piped byte arrays" time="0.276">
                      
                    </testcase><testcase classname="tsec.hashing.bouncy.HasherTest" name="A cryptographic hash function for SHA3-256 should generate an equal hash for two equal byte arrays" time="0.003">
                      
                    </testcase><testcase classname="tsec.hashing.bouncy.HasherTest" name="A cryptographic hash function for SHA3-256 should generate an equal hash for piped byte arrays" time="0.02">
                      
                    </testcase><testcase classname="tsec.hashing.bouncy.HasherTest" name="A cryptographic hash function for SHA3-384 should generate an equal hash for two equal byte arrays" time="0.003">
                      
                    </testcase><testcase classname="tsec.hashing.bouncy.HasherTest" name="A cryptographic hash function for SHA3-384 should generate an equal hash for piped byte arrays" time="0.016">
                      
                    </testcase><testcase classname="tsec.hashing.bouncy.HasherTest" name="A cryptographic hash function for SHA3-512 should generate an equal hash for two equal byte arrays" time="0.003">
                      
                    </testcase><testcase classname="tsec.hashing.bouncy.HasherTest" name="A cryptographic hash function for SHA3-512 should generate an equal hash for piped byte arrays" time="0.015">
                      
                    </testcase><testcase classname="tsec.hashing.bouncy.HasherTest" name="A cryptographic hash function for Whirlpool should generate an equal hash for two equal byte arrays" time="0.007">
                      
                    </testcase><testcase classname="tsec.hashing.bouncy.HasherTest" name="A cryptographic hash function for Whirlpool should generate an equal hash for piped byte arrays" time="0.018">
                      
                    </testcase><testcase classname="tsec.hashing.bouncy.HasherTest" name="A cryptographic hash function for RipeMD128 should generate an equal hash for two equal byte arrays" time="0.004">
                      
                    </testcase><testcase classname="tsec.hashing.bouncy.HasherTest" name="A cryptographic hash function for RipeMD128 should generate an equal hash for piped byte arrays" time="0.013">
                      
                    </testcase><testcase classname="tsec.hashing.bouncy.HasherTest" name="A cryptographic hash function for RipeMD160 should generate an equal hash for two equal byte arrays" time="0.005">
                      
                    </testcase><testcase classname="tsec.hashing.bouncy.HasherTest" name="A cryptographic hash function for RipeMD160 should generate an equal hash for piped byte arrays" time="0.017">
                      
                    </testcase><testcase classname="tsec.hashing.bouncy.HasherTest" name="A cryptographic hash function for RipeMD256 should generate an equal hash for two equal byte arrays" time="0.005">
                      
                    </testcase><testcase classname="tsec.hashing.bouncy.HasherTest" name="A cryptographic hash function for RipeMD256 should generate an equal hash for piped byte arrays" time="0.013">
                      
                    </testcase><testcase classname="tsec.hashing.bouncy.HasherTest" name="A cryptographic hash function for RipeMD320 should generate an equal hash for two equal byte arrays" time="0.005">
                      
                    </testcase><testcase classname="tsec.hashing.bouncy.HasherTest" name="A cryptographic hash function for RipeMD320 should generate an equal hash for piped byte arrays" time="0.011">
                      
                    </testcase><testcase classname="tsec.hashing.bouncy.HasherTest" name="A cryptographic hash function for GOST3411-2012-256 should generate an equal hash for two equal byte arrays" time="0.006">
                      
                    </testcase><testcase classname="tsec.hashing.bouncy.HasherTest" name="A cryptographic hash function for GOST3411-2012-256 should generate an equal hash for piped byte arrays" time="0.013">
                      
                    </testcase><testcase classname="tsec.hashing.bouncy.HasherTest" name="A cryptographic hash function for GOST3411-2012-512 should generate an equal hash for two equal byte arrays" time="0.005">
                      
                    </testcase><testcase classname="tsec.hashing.bouncy.HasherTest" name="A cryptographic hash function for GOST3411-2012-512 should generate an equal hash for piped byte arrays" time="0.011">
                      
                    </testcase><testcase classname="tsec.hashing.bouncy.HasherTest" name="A cryptographic hash function for BLAKE2B-160 should generate an equal hash for two equal byte arrays" time="0.003">
                      
                    </testcase><testcase classname="tsec.hashing.bouncy.HasherTest" name="A cryptographic hash function for BLAKE2B-160 should generate an equal hash for piped byte arrays" time="0.008">
                      
                    </testcase><testcase classname="tsec.hashing.bouncy.HasherTest" name="A cryptographic hash function for BLAKE2B-256 should generate an equal hash for two equal byte arrays" time="0.004">
                      
                    </testcase><testcase classname="tsec.hashing.bouncy.HasherTest" name="A cryptographic hash function for BLAKE2B-256 should generate an equal hash for piped byte arrays" time="0.011">
                      
                    </testcase><testcase classname="tsec.hashing.bouncy.HasherTest" name="A cryptographic hash function for BLAKE2B-384 should generate an equal hash for two equal byte arrays" time="0.002">
                      
                    </testcase><testcase classname="tsec.hashing.bouncy.HasherTest" name="A cryptographic hash function for BLAKE2B-384 should generate an equal hash for piped byte arrays" time="0.006">
                      
                    </testcase><testcase classname="tsec.hashing.bouncy.HasherTest" name="A cryptographic hash function for BLAKE2B-512 should generate an equal hash for two equal byte arrays" time="0.002">
                      
                    </testcase><testcase classname="tsec.hashing.bouncy.HasherTest" name="A cryptographic hash function for BLAKE2B-512 should generate an equal hash for piped byte arrays" time="0.007">
                      
                    </testcase>
          <system-out><![CDATA[]]></system-out>
          <system-err><![CDATA[]]></system-err>
        </testsuite>