<?xml version='1.0' encoding='UTF-8'?>
<testsuite hostname="columbia-mbp" name="tsec.PasswordTest" tests="9" errors="0" failures="0" skipped="0" time="8.269" timestamp="2021-12-08T21:46:59">
          <properties>
[...]
</properties>
          <testcase classname="tsec.PasswordTest" name="SCrypt should generate and verify with default settings" time="0.837">
                      
                    </testcase><testcase classname="tsec.PasswordTest" name="SCrypt should generate and verify with default settings for chars" time="0.64">
                      
                    </testcase><testcase classname="tsec.PasswordTest" name="SCrypt should generate and verify with default settings for bytes" time="0.622">
                      
                    </testcase><testcase classname="tsec.PasswordTest" name="SCrypt should not verify for an incorrect password" time="0.641">
                      
                    </testcase><testcase classname="tsec.PasswordTest" name="BCrypt should generate and verify with default settings" time="1.298">
                      
                    </testcase><testcase classname="tsec.PasswordTest" name="BCrypt should generate and verify with default settings for chars" time="1.305">
                      
                    </testcase><testcase classname="tsec.PasswordTest" name="BCrypt should generate and verify with default settings for bytes" time="1.337">
                      
                    </testcase><testcase classname="tsec.PasswordTest" name="BCrypt should not verify for an incorrect password" time="1.331">
                      
                    </testcase><testcase classname="tsec.PasswordTest" name="BCrypt only variable rounds should hash properly for more than 10 rounds" time="0.258">
                      
                    </testcase>
          <system-out><![CDATA[]]></system-out>
          <system-err><![CDATA[]]></system-err>
        </testsuite>